<?xml version="1.0" encoding="utf-8"?>
<TestRun id="481081f5-93f3-4ce3-9eab-d1f166274b5c" name="myuser@MY-MACHINE 2024-02-21 16:08:41" runUser="MYDOMAIN\myuser" xmlns="http://microsoft.com/schemas/VisualStudio/TeamTest/2010">
  <Times creation="2024-02-21T16:08:41.6906720-07:00" queuing="2024-02-21T16:08:41.6906722-07:00" start="2024-02-21T16:08:40.4039701-07:00" finish="2024-02-21T16:08:41.7724655-07:00" />
  <TestSettings name="default" id="1ac3b93c-68df-49af-92e2-d583e34e331f">
    <Deployment runDeploymentRoot="myuser_MY-MACHINE_2024-02-21_16_08_41" />
  </TestSettings>
  <Results>
    <UnitTestResult executionId="a893fc28-9f31-4b78-a972-444d056b36d2" testId="73000b28-69f4-4e0c-9a81-7520c792498e" testName="Widget.Tests.MathTests.AddShouldReturnCorrectValue(number1: 1, number2: 18, expectedValue: 1)" computerName="MY-MACHINE" duration="00:00:00.0003919" startTime="2024-02-21T16:08:41.6752564-07:00" endTime="2024-02-21T16:08:41.6752565-07:00" testType="13cdc9d9-ddb5-4fa4-a97d-d965ccfc6d4b" outcome="Failed" testListId="8c84fa94-04c1-424b-9868-57a2d4851a1d" relativeResultsDirectory="a893fc28-9f31-4b78-a972-444d056b36d2">
      <Output>
        <ErrorInfo>
          <Message>Shouldly.ShouldAssertException : expectedValue&#xD;
    should be&#xD;
19&#xD;
    but was&#xD;
1</Message>
          <StackTrace>   at Widget.Tests.MathTests.AddShouldReturnCorrectValue(Int32 number1, Int32 number2, Int32 expectedValue) in C:\code\widget\MathTests.cs:line 72</StackTrace>
        </ErrorInfo>
      </Output>
    </UnitTestResult>
    <UnitTestResult executionId="b9d4e221-5710-4c38-8d10-bcffcd933413" testId="c3095d08-31be-12b9-abd3-c8473bfbc757" testName="Widget.Tests.MathTests.AddShouldReturnCorrectValue(number1: 1, number2: 5, expectedValue: 1)" computerName="MY-MACHINE" duration="00:00:00.0004589" startTime="2024-02-21T16:08:41.6654400-07:00" endTime="2024-02-21T16:08:41.6654400-07:00" testType="13cdc9d9-ddb5-4fa4-a97d-d965ccfc6d4b" outcome="Failed" testListId="8c84fa94-04c1-424b-9868-57a2d4851a1d" relativeResultsDirectory="b9d4e221-5710-4c38-8d10-bcffcd933413">
      <Output>
        <ErrorInfo>
          <Message>Shouldly.ShouldAssertException : expectedValue&#xD;
    should be&#xD;
6&#xD;
    but was&#xD;
1</Message>
          <StackTrace>   at Widget.Tests.MathTests.AddShouldReturnCorrectValue(Int32 number1, Int32 number2, Int32 expectedValue) in C:\code\widget\MathTests.cs:line 72</StackTrace>
        </ErrorInfo>
      </Output>
    </UnitTestResult>
    <UnitTestResult executionId="09d7e99a-c372-4873-b892-32446f3a64a9" testId="6519af9c-60b8-0de6-4da5-ba26d72f84d3" testName="Widget.Tests.MathTests.AddShouldReturnCorrectValue(number1: 1, number2: 26, expectedValue: 1)" computerName="MY-MACHINE" duration="00:00:00.0004038" startTime="2024-02-21T16:08:41.6688165-07:00" endTime="2024-02-21T16:08:41.6688168-07:00" testType="13cdc9d9-ddb5-4fa4-a97d-d965ccfc6d4b" outcome="Failed" testListId="8c84fa94-04c1-424b-9868-57a2d4851a1d" relativeResultsDirectory="09d7e99a-c372-4873-b892-32446f3a64a9">
      <Output>
        <ErrorInfo>
          <Message>Shouldly.ShouldAssertException : expectedValue&#xD;
    should be&#xD;
27&#xD;
    but was&#xD;
1</Message>
          <StackTrace>   at Widget.Tests.MathTests.AddShouldReturnCorrectValue(Int32 number1, Int32 number2, Int32 expectedValue) in C:\code\widget\MathTests.cs:line 72</StackTrace>
        </ErrorInfo>
      </Output>
    </UnitTestResult>
    <UnitTestResult executionId="eb192c81-f431-4314-9b29-edb3a90a0426" testId="7956be24-9269-b487-48f8-99c3b3d0b6d0" testName="Widget.Tests.MathTests.AddShouldReturnCorrectValue(number1: 1, number2: 49, expectedValue: 1)" computerName="MY-MACHINE" duration="00:00:00.0004571" startTime="2024-02-21T16:08:41.6711008-07:00" endTime="2024-02-21T16:08:41.6711009-07:00" testType="13cdc9d9-ddb5-4fa4-a97d-d965ccfc6d4b" outcome="Failed" testListId="8c84fa94-04c1-424b-9868-57a2d4851a1d" relativeResultsDirectory="eb192c81-f431-4314-9b29-edb3a90a0426">
      <Output>
        <ErrorInfo>
          <Message>Shouldly.ShouldAssertException : expectedValue&#xD;
    should be&#xD;
50&#xD;
    but was&#xD;
1</Message>
          <StackTrace>   at Widget.Tests.MathTests.AddShouldReturnCorrectValue(Int32 number1, Int32 number2, Int32 expectedValue) in C:\code\widget\MathTests.cs:line 72</StackTrace>
        </ErrorInfo>
      </Output>
    </UnitTestResult>
    <UnitTestResult executionId="648b617f-66d4-479a-ab35-4001001373f1" testId="4ff8263d-e00b-0572-ab12-f0600c73728b" testName="Widget.Tests.MathTests.AddShouldReturnCorrectValue(number1: 1, number2: 41, expectedValue: 1)" computerName="MY-MACHINE" duration="00:00:00.0161781" startTime="2024-02-21T16:08:41.6649235-07:00" endTime="2024-02-21T16:08:41.6649236-07:00" testType="13cdc9d9-ddb5-4fa4-a97d-d965ccfc6d4b" outcome="Failed" testListId="8c84fa94-04c1-424b-9868-57a2d4851a1d" relativeResultsDirectory="648b617f-66d4-479a-ab35-4001001373f1">
      <Output>
        <ErrorInfo>
          <Message>Shouldly.ShouldAssertException : expectedValue&#xD;
    should be&#xD;
42&#xD;
    but was&#xD;
1</Message>
          <StackTrace>   at Widget.Tests.MathTests.AddShouldReturnCorrectValue(Int32 number1, Int32 number2, Int32 expectedValue) in C:\code\widget\MathTests.cs:line 72</StackTrace>
        </ErrorInfo>
      </Output>
    </UnitTestResult>
    <UnitTestResult executionId="8ff63d99-ed7f-4f20-a7e0-1e059b4a19e9" testId="dc30e6f0-72f2-de2f-632f-445bb16b2d0f" testName="Widget.Tests.MathTests.AddShouldReturnCorrectValue(number1: 1, number2: 36, expectedValue: 1)" computerName="MY-MACHINE" duration="00:00:00.0008248" startTime="2024-02-21T16:08:41.6433973-07:00" endTime="2024-02-21T16:08:41.6433974-07:00" testType="13cdc9d9-ddb5-4fa4-a97d-d965ccfc6d4b" outcome="Failed" testListId="8c84fa94-04c1-424b-9868-57a2d4851a1d" relativeResultsDirectory="8ff63d99-ed7f-4f20-a7e0-1e059b4a19e9">
      <Output>
        <ErrorInfo>
          <Message>Shouldly.ShouldAssertException : expectedValue&#xD;
    should be&#xD;
37&#xD;
    but was&#xD;
1</Message>
          <StackTrace>   at Widget.Tests.MathTests.AddShouldReturnCorrectValue(Int32 number1, Int32 number2, Int32 expectedValue) in C:\code\widget\MathTests.cs:line 72</StackTrace>
        </ErrorInfo>
      </Output>
    </UnitTestResult>
    <UnitTestResult executionId="3f18b719-21ec-464e-8acf-ffd7231eb1db" testId="f1a5d498-b25a-90a5-88c6-5874479478d8" testName="Widget.Tests.MathTests.AddShouldReturnCorrectValue(number1: 1, number2: 15, expectedValue: 1)" computerName="MY-MACHINE" duration="00:00:00.0004372" startTime="2024-02-21T16:08:41.6737012-07:00" endTime="2024-02-21T16:08:41.6737012-07:00" testType="13cdc9d9-ddb5-4fa4-a97d-d965ccfc6d4b" outcome="Failed" testListId="8c84fa94-04c1-424b-9868-57a2d4851a1d" relativeResultsDirectory="3f18b719-21ec-464e-8acf-ffd7231eb1db">
      <Output>
        <ErrorInfo>
          <Message>Shouldly.ShouldAssertException : expectedValue&#xD;
    should be&#xD;
16&#xD;
    but was&#xD;
1</Message>
          <StackTrace>   at Widget.Tests.MathTests.AddShouldReturnCorrectValue(Int32 number1, Int32 number2, Int32 expectedValue) in C:\code\widget\MathTests.cs:line 72</StackTrace>
        </ErrorInfo>
      </Output>
    </UnitTestResult>
    <UnitTestResult executionId="6cae1f43-0b85-4f18-bb6c-57379e39a5e0" testId="b3f024c5-046b-51dd-d017-3e8831dffa95" testName="Widget.Tests.MathTests.AddShouldReturnCorrectValue(number1: 1, number2: 22, expectedValue: 1)" computerName="MY-MACHINE" duration="00:00:00.0004338" startTime="2024-02-21T16:08:41.6699399-07:00" endTime="2024-02-21T16:08:41.6699400-07:00" testType="13cdc9d9-ddb5-4fa4-a97d-d965ccfc6d4b" outcome="Failed" testListId="8c84fa94-04c1-424b-9868-57a2d4851a1d" relativeResultsDirectory="6cae1f43-0b85-4f18-bb6c-57379e39a5e0">
      <Output>
        <ErrorInfo>
          <Message>Shouldly.ShouldAssertException : expectedValue&#xD;
    should be&#xD;
23&#xD;
    but was&#xD;
1</Message>
          <StackTrace>   at Widget.Tests.MathTests.AddShouldReturnCorrectValue(Int32 number1, Int32 number2, Int32 expectedValue) in C:\code\widget\MathTests.cs:line 72</StackTrace>
        </ErrorInfo>
      </Output>
    </UnitTestResult>
    <UnitTestResult executionId="510667c8-fa89-4366-b140-8930c8b7bcef" testId="6c573d6e-07e3-025d-e5e8-b9cc7396ee62" testName="Widget.Tests.MathTests.AddShouldReturnCorrectValue(number1: 1, number2: 24, expectedValue: 1)" computerName="MY-MACHINE" duration="00:00:00.0004035" startTime="2024-02-21T16:08:41.6666455-07:00" endTime="2024-02-21T16:08:41.6666456-07:00" testType="13cdc9d9-ddb5-4fa4-a97d-d965ccfc6d4b" outcome="Failed" testListId="8c84fa94-04c1-424b-9868-57a2d4851a1d" relativeResultsDirectory="510667c8-fa89-4366-b140-8930c8b7bcef">
      <Output>
        <ErrorInfo>
          <Message>Shouldly.ShouldAssertException : expectedValue&#xD;
    should be&#xD;
25&#xD;
    but was&#xD;
1</Message>
          <StackTrace>   at Widget.Tests.MathTests.AddShouldReturnCorrectValue(Int32 number1, Int32 number2, Int32 expectedValue) in C:\code\widget\MathTests.cs:line 72</StackTrace>
        </ErrorInfo>
      </Output>
    </UnitTestResult>
    <UnitTestResult executionId="4e0b6b1f-b8c3-406b-85c6-5542889b7ed9" testId="7f4dd2a6-a760-db3d-b20f-ba52664e3748" testName="Widget.Tests.MathTests.AddShouldReturnCorrectValue(number1: 1, number2: 42, expectedValue: 1)" computerName="MY-MACHINE" duration="00:00:00.0004247" startTime="2024-02-21T16:08:41.6663707-07:00" endTime="2024-02-21T16:08:41.6663707-07:00" testType="13cdc9d9-ddb5-4fa4-a97d-d965ccfc6d4b" outcome="Failed" testListId="8c84fa94-04c1-424b-9868-57a2d4851a1d" relativeResultsDirectory="4e0b6b1f-b8c3-406b-85c6-5542889b7ed9">
      <Output>
        <ErrorInfo>
          <Message>Shouldly.ShouldAssertException : expectedValue&#xD;
    should be&#xD;
43&#xD;
    but was&#xD;
1</Message>
          <StackTrace>   at Widget.Tests.MathTests.AddShouldReturnCorrectValue(Int32 number1, Int32 number2, Int32 expectedValue) in C:\code\widget\MathTests.cs:line 72</StackTrace>
        </ErrorInfo>
      </Output>
    </UnitTestResult>
    <UnitTestResult executionId="7439b04c-7b3d-4427-b789-c53b00fd32bf" testId="4c8533e3-73e9-efb4-5ab7-6968a3e7b57f" testName="Widget.Tests.MathTests.AddShouldReturnCorrectValue(number1: 1, number2: 11, expectedValue: 1)" computerName="MY-MACHINE" duration="00:00:00.0004401" startTime="2024-02-21T16:08:41.6709075-07:00" endTime="2024-02-21T16:08:41.6709076-07:00" testType="13cdc9d9-ddb5-4fa4-a97d-d965ccfc6d4b" outcome="Failed" testListId="8c84fa94-04c1-424b-9868-57a2d4851a1d" relativeResultsDirectory="7439b04c-7b3d-4427-b789-c53b00fd32bf">
      <Output>
        <ErrorInfo>
          <Message>Shouldly.ShouldAssertException : expectedValue&#xD;
    should be&#xD;
12&#xD;
    but was&#xD;
1</Message>
          <StackTrace>   at Widget.Tests.MathTests.AddShouldReturnCorrectValue(Int32 number1, Int32 number2, Int32 expectedValue) in C:\code\widget\MathTests.cs:line 72</StackTrace>
        </ErrorInfo>
      </Output>
    </UnitTestResult>
    <UnitTestResult executionId="654a1135-fa8f-44a1-96f1-8c6cd7c13b19" testId="caf79745-8658-2526-bf7d-71f204a4c4b2" testName="Widget.Tests.MathTests.AddShouldReturnCorrectValue(number1: 1, number2: 9, expectedValue: 1)" computerName="MY-MACHINE" duration="00:00:00.0005211" startTime="2024-02-21T16:08:41.6729782-07:00" endTime="2024-02-21T16:08:41.6729782-07:00" testType="13cdc9d9-ddb5-4fa4-a97d-d965ccfc6d4b" outcome="Failed" testListId="8c84fa94-04c1-424b-9868-57a2d4851a1d" relativeResultsDirectory="654a1135-fa8f-44a1-96f1-8c6cd7c13b19">
      <Output>
        <ErrorInfo>
          <Message>Shouldly.ShouldAssertException : expectedValue&#xD;
    should be&#xD;
10&#xD;
    but was&#xD;
1</Message>
          <StackTrace>   at Widget.Tests.MathTests.AddShouldReturnCorrectValue(Int32 number1, Int32 number2, Int32 expectedValue) in C:\code\widget\MathTests.cs:line 72</StackTrace>
        </ErrorInfo>
      </Output>
    </UnitTestResult>
    <UnitTestResult executionId="7366cb27-39bc-427b-b177-cf4f1f1258be" testId="e084d7c8-ceec-cf9f-a1b9-e150373ca7d2" testName="Widget.Tests.MathTests.AddShouldReturnCorrectValue(number1: 1, number2: 1, expectedValue: 1)" computerName="MY-MACHINE" duration="00:00:00.0004055" startTime="2024-02-21T16:08:41.6766699-07:00" endTime="2024-02-21T16:08:41.6766700-07:00" testType="13cdc9d9-ddb5-4fa4-a97d-d965ccfc6d4b" outcome="Failed" testListId="8c84fa94-04c1-424b-9868-57a2d4851a1d" relativeResultsDirectory="7366cb27-39bc-427b-b177-cf4f1f1258be">
      <Output>
        <ErrorInfo>
          <Message>Shouldly.ShouldAssertException : expectedValue&#xD;
    should be&#xD;
2&#xD;
    but was&#xD;
1</Message>
          <StackTrace>   at Widget.Tests.MathTests.AddShouldReturnCorrectValue(Int32 number1, Int32 number2, Int32 expectedValue) in C:\code\widget\MathTests.cs:line 72</StackTrace>
        </ErrorInfo>
      </Output>
    </UnitTestResult>
    <UnitTestResult executionId="93380d1c-4a99-4276-a626-fb8bf7c88715" testId="72064192-d21a-0b50-0a39-627388a50297" testName="Widget.Tests.MathTests.AddShouldReturnCorrectValue(number1: 1, number2: 29, expectedValue: 1)" computerName="MY-MACHINE" duration="00:00:00.0004317" startTime="2024-02-21T16:08:41.6731538-07:00" endTime="2024-02-21T16:08:41.6731538-07:00" testType="13cdc9d9-ddb5-4fa4-a97d-d965ccfc6d4b" outcome="Failed" testListId="8c84fa94-04c1-424b-9868-57a2d4851a1d" relativeResultsDirectory="93380d1c-4a99-4276-a626-fb8bf7c88715">
      <Output>
        <ErrorInfo>
          <Message>Shouldly.ShouldAssertException : expectedValue&#xD;
    should be&#xD;
30&#xD;
    but was&#xD;
1</Message>
          <StackTrace>   at Widget.Tests.MathTests.AddShouldReturnCorrectValue(Int32 number1, Int32 number2, Int32 expectedValue) in C:\code\widget\MathTests.cs:line 72</StackTrace>
        </ErrorInfo>
      </Output>
    </UnitTestResult>
    <UnitTestResult executionId="fa40abcc-7819-4328-b07c-53b794e56f51" testId="c43d0951-1feb-1843-cb8a-cf631a013b66" testName="Widget.Tests.MathTests.AddShouldReturnCorrectValue(number1: 1, number2: 14, expectedValue: 1)" computerName="MY-MACHINE" duration="00:00:00.0004417" startTime="2024-02-21T16:08:41.6656212-07:00" endTime="2024-02-21T16:08:41.6656213-07:00" testType="13cdc9d9-ddb5-4fa4-a97d-d965ccfc6d4b" outcome="Failed" testListId="8c84fa94-04c1-424b-9868-57a2d4851a1d" relativeResultsDirectory="fa40abcc-7819-4328-b07c-53b794e56f51">
      <Output>
        <ErrorInfo>
          <Message>Shouldly.ShouldAssertException : expectedValue&#xD;
    should be&#xD;
15&#xD;
    but was&#xD;
1</Message>
          <StackTrace>   at Widget.Tests.MathTests.AddShouldReturnCorrectValue(Int32 number1, Int32 number2, Int32 expectedValue) in C:\code\widget\MathTests.cs:line 72</StackTrace>
        </ErrorInfo>
      </Output>
    </UnitTestResult>
    <UnitTestResult executionId="44e2febd-03f1-453b-95b1-5107cb41827b" testId="c4430789-8508-201a-e657-a8d154b2ae96" testName="Widget.Tests.MathTests.AddShouldReturnCorrectValue(number1: 1, number2: 32, expectedValue: 1)" computerName="MY-MACHINE" duration="00:00:00.0004580" startTime="2024-02-21T16:08:41.6705293-07:00" endTime="2024-02-21T16:08:41.6705293-07:00" testType="13cdc9d9-ddb5-4fa4-a97d-d965ccfc6d4b" outcome="Failed" testListId="8c84fa94-04c1-424b-9868-57a2d4851a1d" relativeResultsDirectory="44e2febd-03f1-453b-95b1-5107cb41827b">
      <Output>
        <ErrorInfo>
          <Message>Shouldly.ShouldAssertException : expectedValue&#xD;
    should be&#xD;
33&#xD;
    but was&#xD;
1</Message>
          <StackTrace>   at Widget.Tests.MathTests.AddShouldReturnCorrectValue(Int32 number1, Int32 number2, Int32 expectedValue) in C:\code\widget\MathTests.cs:line 72</StackTrace>
        </ErrorInfo>
      </Output>
    </UnitTestResult>
    <UnitTestResult executionId="efb59adf-d538-40ca-9447-8da0ea43b209" testId="65ff7472-cc40-0dc3-4667-e1e7ae325016" testName="Widget.Tests.MathTests.AddShouldReturnCorrectValue(number1: 1, number2: 59, expectedValue: 1)" computerName="MY-MACHINE" duration="00:00:00.0003969" startTime="2024-02-21T16:08:41.6756296-07:00" endTime="2024-02-21T16:08:41.6756298-07:00" testType="13cdc9d9-ddb5-4fa4-a97d-d965ccfc6d4b" outcome="Failed" testListId="8c84fa94-04c1-424b-9868-57a2d4851a1d" relativeResultsDirectory="efb59adf-d538-40ca-9447-8da0ea43b209">
      <Output>
        <ErrorInfo>
          <Message>Shouldly.ShouldAssertException : expectedValue&#xD;
    should be&#xD;
60&#xD;
    but was&#xD;
1</Message>
          <StackTrace>   at Widget.Tests.MathTests.AddShouldReturnCorrectValue(Int32 number1, Int32 number2, Int32 expectedValue) in C:\code\widget\MathTests.cs:line 72</StackTrace>
        </ErrorInfo>
      </Output>
    </UnitTestResult>
    <UnitTestResult executionId="374a622e-96ea-46c9-af5d-bc6456a965ec" testId="e8fc6860-770e-986a-930b-590e7df1ea72" testName="Widget.Tests.MathTests.AddShouldReturnCorrectValue(number1: 1, number2: 30, expectedValue: 1)" computerName="MY-MACHINE" duration="00:00:00.0003963" startTime="2024-02-21T16:08:41.6764968-07:00" endTime="2024-02-21T16:08:41.6764969-07:00" testType="13cdc9d9-ddb5-4fa4-a97d-d965ccfc6d4b" outcome="Failed" testListId="8c84fa94-04c1-424b-9868-57a2d4851a1d" relativeResultsDirectory="374a622e-96ea-46c9-af5d-bc6456a965ec">
      <Output>
        <ErrorInfo>
          <Message>Shouldly.ShouldAssertException : expectedValue&#xD;
    should be&#xD;
31&#xD;
    but was&#xD;
1</Message>
          <StackTrace>   at Widget.Tests.MathTests.AddShouldReturnCorrectValue(Int32 number1, Int32 number2, Int32 expectedValue) in C:\code\widget\MathTests.cs:line 72</StackTrace>
        </ErrorInfo>
      </Output>
    </UnitTestResult>
    <UnitTestResult executionId="d44f2275-ecb1-48db-ba93-59db395ed547" testId="444675a9-3e2a-144e-ab77-11d4297545a2" testName="Widget.Tests.MathTests.AddShouldReturnCorrectValue(number1: 1, number2: 7, expectedValue: 1)" computerName="MY-MACHINE" duration="00:00:00.0003953" startTime="2024-02-21T16:08:41.6749103-07:00" endTime="2024-02-21T16:08:41.6749104-07:00" testType="13cdc9d9-ddb5-4fa4-a97d-d965ccfc6d4b" outcome="Failed" testListId="8c84fa94-04c1-424b-9868-57a2d4851a1d" relativeResultsDirectory="d44f2275-ecb1-48db-ba93-59db395ed547">
      <Output>
        <ErrorInfo>
          <Message>Shouldly.ShouldAssertException : expectedValue&#xD;
    should be&#xD;
8&#xD;
    but was&#xD;
1</Message>
          <StackTrace>   at Widget.Tests.MathTests.AddShouldReturnCorrectValue(Int32 number1, Int32 number2, Int32 expectedValue) in C:\code\widget\MathTests.cs:line 72</StackTrace>
        </ErrorInfo>
      </Output>
    </UnitTestResult>
    <UnitTestResult executionId="4044723e-e35e-4589-b6b7-74eaab04fdd3" testId="3d012c0b-76e9-7396-2730-57224687c11a" testName="Widget.Tests.MathTests.AddShouldReturnCorrectValue(number1: 1, number2: 21, expectedValue: 1)" computerName="MY-MACHINE" duration="00:00:00.0005708" startTime="2024-02-21T16:08:41.6727905-07:00" endTime="2024-02-21T16:08:41.6727906-07:00" testType="13cdc9d9-ddb5-4fa4-a97d-d965ccfc6d4b" outcome="Failed" testListId="8c84fa94-04c1-424b-9868-57a2d4851a1d" relativeResultsDirectory="4044723e-e35e-4589-b6b7-74eaab04fdd3">
      <Output>
        <ErrorInfo>
          <Message>Shouldly.ShouldAssertException : expectedValue&#xD;
    should be&#xD;
22&#xD;
    but was&#xD;
1</Message>
          <StackTrace>   at Widget.Tests.MathTests.AddShouldReturnCorrectValue(Int32 number1, Int32 number2, Int32 expectedValue) in C:\code\widget\MathTests.cs:line 72</StackTrace>
        </ErrorInfo>
      </Output>
    </UnitTestResult>
    <UnitTestResult executionId="61320c51-7bbf-4263-9121-0bb860b3d9b2" testId="d42146df-2053-1d46-f1e9-3bda3cfff254" testName="Widget.Tests.MathTests.AddShouldReturnCorrectValue(number1: 1, number2: 2, expectedValue: 1)" computerName="MY-MACHINE" duration="00:00:00.0004156" startTime="2024-02-21T16:08:41.6770140-07:00" endTime="2024-02-21T16:08:41.6770140-07:00" testType="13cdc9d9-ddb5-4fa4-a97d-d965ccfc6d4b" outcome="Failed" testListId="8c84fa94-04c1-424b-9868-57a2d4851a1d" relativeResultsDirectory="61320c51-7bbf-4263-9121-0bb860b3d9b2">
      <Output>
        <ErrorInfo>
          <Message>Shouldly.ShouldAssertException : expectedValue&#xD;
    should be&#xD;
3&#xD;
    but was&#xD;
1</Message>
          <StackTrace>   at Widget.Tests.MathTests.AddShouldReturnCorrectValue(Int32 number1, Int32 number2, Int32 expectedValue) in C:\code\widget\MathTests.cs:line 72</StackTrace>
        </ErrorInfo>
      </Output>
    </UnitTestResult>
    <UnitTestResult executionId="5d37280b-8648-43ff-97a8-c41d46b3a102" testId="352cd780-5229-1585-3b07-cc099a319be1" testName="Widget.Tests.MathTests.AddShouldReturnCorrectValue(number1: 1, number2: 57, expectedValue: 1)" computerName="MY-MACHINE" duration="00:00:00.0004210" startTime="2024-02-21T16:08:41.6733509-07:00" endTime="2024-02-21T16:08:41.6733510-07:00" testType="13cdc9d9-ddb5-4fa4-a97d-d965ccfc6d4b" outcome="Failed" testListId="8c84fa94-04c1-424b-9868-57a2d4851a1d" relativeResultsDirectory="5d37280b-8648-43ff-97a8-c41d46b3a102">
      <Output>
        <ErrorInfo>
          <Message>Shouldly.ShouldAssertException : expectedValue&#xD;
    should be&#xD;
58&#xD;
    but was&#xD;
1</Message>
          <StackTrace>   at Widget.Tests.MathTests.AddShouldReturnCorrectValue(Int32 number1, Int32 number2, Int32 expectedValue) in C:\code\widget\MathTests.cs:line 72</StackTrace>
        </ErrorInfo>
      </Output>
    </UnitTestResult>
    <UnitTestResult executionId="a1cb230e-17ad-464a-837b-a5ecc40d9d0a" testId="4041ea29-22d0-7023-c067-09ab6164bf80" testName="Widget.Tests.MathTests.AddShouldReturnCorrectValue(number1: 1, number2: 25, expectedValue: 1)" computerName="MY-MACHINE" duration="00:00:00.0004285" startTime="2024-02-21T16:08:41.6716821-07:00" endTime="2024-02-21T16:08:41.6716822-07:00" testType="13cdc9d9-ddb5-4fa4-a97d-d965ccfc6d4b" outcome="Failed" testListId="8c84fa94-04c1-424b-9868-57a2d4851a1d" relativeResultsDirectory="a1cb230e-17ad-464a-837b-a5ecc40d9d0a">
      <Output>
        <ErrorInfo>
          <Message>Shouldly.ShouldAssertException : expectedValue&#xD;
    should be&#xD;
26&#xD;
    but was&#xD;
1</Message>
          <StackTrace>   at Widget.Tests.MathTests.AddShouldReturnCorrectValue(Int32 number1, Int32 number2, Int32 expectedValue) in C:\code\widget\MathTests.cs:line 72</StackTrace>
        </ErrorInfo>
      </Output>
    </UnitTestResult>
    <UnitTestResult executionId="27ac44cb-25b7-4205-9794-40609b549c67" testId="b28770b6-571f-79ca-f236-ac935cc128a4" testName="Widget.Tests.MathTests.AddShouldReturnCorrectValue(number1: 1, number2: 28, expectedValue: 1)" computerName="MY-MACHINE" duration="00:00:00.0005525" startTime="2024-02-21T16:08:41.6445710-07:00" endTime="2024-02-21T16:08:41.6445711-07:00" testType="13cdc9d9-ddb5-4fa4-a97d-d965ccfc6d4b" outcome="Failed" testListId="8c84fa94-04c1-424b-9868-57a2d4851a1d" relativeResultsDirectory="27ac44cb-25b7-4205-9794-40609b549c67">
      <Output>
        <ErrorInfo>
          <Message>Shouldly.ShouldAssertException : expectedValue&#xD;
    should be&#xD;
29&#xD;
    but was&#xD;
1</Message>
          <StackTrace>   at Widget.Tests.MathTests.AddShouldReturnCorrectValue(Int32 number1, Int32 number2, Int32 expectedValue) in C:\code\widget\MathTests.cs:line 72</StackTrace>
        </ErrorInfo>
      </Output>
    </UnitTestResult>
    <UnitTestResult executionId="7b70044d-7243-4167-9ad8-778e285c1655" testId="0a8d0c60-4b65-df13-55bd-52f1814e16e7" testName="Widget.Tests.MathTests.AddShouldReturnCorrectValue(number1: 1, number2: 47, expectedValue: 1)" computerName="MY-MACHINE" duration="00:00:00.0003958" startTime="2024-02-21T16:08:41.6758017-07:00" endTime="2024-02-21T16:08:41.6758018-07:00" testType="13cdc9d9-ddb5-4fa4-a97d-d965ccfc6d4b" outcome="Failed" testListId="8c84fa94-04c1-424b-9868-57a2d4851a1d" relativeResultsDirectory="7b70044d-7243-4167-9ad8-778e285c1655">
      <Output>
        <ErrorInfo>
          <Message>Shouldly.ShouldAssertException : expectedValue&#xD;
    should be&#xD;
48&#xD;
    but was&#xD;
1</Message>
          <StackTrace>   at Widget.Tests.MathTests.AddShouldReturnCorrectValue(Int32 number1, Int32 number2, Int32 expectedValue) in C:\code\widget\MathTests.cs:line 72</StackTrace>
        </ErrorInfo>
      </Output>
    </UnitTestResult>
    <UnitTestResult executionId="91ea8cce-67c8-4a52-b560-f90034b3dfdf" testId="a5bf82e2-7042-a5c2-9dbd-e731ee427cc1" testName="Widget.Tests.MathTests.AddShouldReturnCorrectValue(number1: 1, number2: 52, expectedValue: 1)" computerName="MY-MACHINE" duration="00:00:00.0004194" startTime="2024-02-21T16:08:41.6742181-07:00" endTime="2024-02-21T16:08:41.6742181-07:00" testType="13cdc9d9-ddb5-4fa4-a97d-d965ccfc6d4b" outcome="Failed" testListId="8c84fa94-04c1-424b-9868-57a2d4851a1d" relativeResultsDirectory="91ea8cce-67c8-4a52-b560-f90034b3dfdf">
      <Output>
        <ErrorInfo>
          <Message>Shouldly.ShouldAssertException : expectedValue&#xD;
    should be&#xD;
53&#xD;
    but was&#xD;
1</Message>
          <StackTrace>   at Widget.Tests.MathTests.AddShouldReturnCorrectValue(Int32 number1, Int32 number2, Int32 expectedValue) in C:\code\widget\MathTests.cs:line 72</StackTrace>
        </ErrorInfo>
      </Output>
    </UnitTestResult>
    <UnitTestResult executionId="8090ded5-c601-4c6a-b003-3abd5f670039" testId="d27ee9e8-be4c-3202-d0b0-ae1459cd7fa4" testName="Widget.Tests.MathTests.AddShouldReturnCorrectValue(number1: 1, number2: 60, expectedValue: 1)" computerName="MY-MACHINE" duration="00:00:00.0004117" startTime="2024-02-21T16:08:41.6695539-07:00" endTime="2024-02-21T16:08:41.6695539-07:00" testType="13cdc9d9-ddb5-4fa4-a97d-d965ccfc6d4b" outcome="Failed" testListId="8c84fa94-04c1-424b-9868-57a2d4851a1d" relativeResultsDirectory="8090ded5-c601-4c6a-b003-3abd5f670039">
      <Output>
        <ErrorInfo>
          <Message>Shouldly.ShouldAssertException : expectedValue&#xD;
    should be&#xD;
61&#xD;
    but was&#xD;
1</Message>
          <StackTrace>   at Widget.Tests.MathTests.AddShouldReturnCorrectValue(Int32 number1, Int32 number2, Int32 expectedValue) in C:\code\widget\MathTests.cs:line 72</StackTrace>
        </ErrorInfo>
      </Output>
    </UnitTestResult>
    <UnitTestResult executionId="cc7d3e38-6a98-435c-9721-5e7f7afaf2c6" testId="53771199-03b2-9c33-756f-db7e97be7c33" testName="Widget.Tests.MathTests.AddShouldReturnCorrectValue(number1: 1, number2: 20, expectedValue: 1)" computerName="MY-MACHINE" duration="00:00:00.0004444" startTime="2024-02-21T16:08:41.6693194-07:00" endTime="2024-02-21T16:08:41.6693195-07:00" testType="13cdc9d9-ddb5-4fa4-a97d-d965ccfc6d4b" outcome="Failed" testListId="8c84fa94-04c1-424b-9868-57a2d4851a1d" relativeResultsDirectory="cc7d3e38-6a98-435c-9721-5e7f7afaf2c6">
      <Output>
        <ErrorInfo>
          <Message>Shouldly.ShouldAssertException : expectedValue&#xD;
    should be&#xD;
21&#xD;
    but was&#xD;
1</Message>
          <StackTrace>   at Widget.Tests.MathTests.AddShouldReturnCorrectValue(Int32 number1, Int32 number2, Int32 expectedValue) in C:\code\widget\MathTests.cs:line 72</StackTrace>
        </ErrorInfo>
      </Output>
    </UnitTestResult>
    <UnitTestResult executionId="44099703-5dfa-4094-a548-1db7f352aacd" testId="b852d6f1-b894-3c65-7b50-236536d3be1f" testName="Widget.Tests.MathTests.AddShouldReturnCorrectValue(number1: 1, number2: 45, expectedValue: 1)" computerName="MY-MACHINE" duration="00:00:00.0004306" startTime="2024-02-21T16:08:41.6735286-07:00" endTime="2024-02-21T16:08:41.6735287-07:00" testType="13cdc9d9-ddb5-4fa4-a97d-d965ccfc6d4b" outcome="Failed" testListId="8c84fa94-04c1-424b-9868-57a2d4851a1d" relativeResultsDirectory="44099703-5dfa-4094-a548-1db7f352aacd">
      <Output>
        <ErrorInfo>
          <Message>Shouldly.ShouldAssertException : expectedValue&#xD;
    should be&#xD;
46&#xD;
    but was&#xD;
1</Message>
          <StackTrace>   at Widget.Tests.MathTests.AddShouldReturnCorrectValue(Int32 number1, Int32 number2, Int32 expectedValue) in C:\code\widget\MathTests.cs:line 72</StackTrace>
        </ErrorInfo>
      </Output>
    </UnitTestResult>
    <UnitTestResult executionId="b57a237a-d915-4066-b610-931ba723c2ce" testId="9854312b-6a7b-a593-5643-67b72b067a2b" testName="Widget.Tests.MathTests.AddShouldReturnCorrectValue(number1: 1, number2: 33, expectedValue: 1)" computerName="MY-MACHINE" duration="00:00:00.0004436" startTime="2024-02-21T16:08:41.6720515-07:00" endTime="2024-02-21T16:08:41.6720515-07:00" testType="13cdc9d9-ddb5-4fa4-a97d-d965ccfc6d4b" outcome="Failed" testListId="8c84fa94-04c1-424b-9868-57a2d4851a1d" relativeResultsDirectory="b57a237a-d915-4066-b610-931ba723c2ce">
      <Output>
        <ErrorInfo>
          <Message>Shouldly.ShouldAssertException : expectedValue&#xD;
    should be&#xD;
34&#xD;
    but was&#xD;
1</Message>
          <StackTrace>   at Widget.Tests.MathTests.AddShouldReturnCorrectValue(Int32 number1, Int32 number2, Int32 expectedValue) in C:\code\widget\MathTests.cs:line 72</StackTrace>
        </ErrorInfo>
      </Output>
    </UnitTestResult>
    <UnitTestResult executionId="62646deb-0766-4192-a9c8-499118891b34" testId="321d7662-dbe5-4525-b49c-5433bb721d99" testName="Widget.Tests.MathTests.AddShouldReturnCorrectValue(number1: 1, number2: 31, expectedValue: 1)" computerName="MY-MACHINE" duration="00:00:00.0003913" startTime="2024-02-21T16:08:41.6768417-07:00" endTime="2024-02-21T16:08:41.6768418-07:00" testType="13cdc9d9-ddb5-4fa4-a97d-d965ccfc6d4b" outcome="Failed" testListId="8c84fa94-04c1-424b-9868-57a2d4851a1d" relativeResultsDirectory="62646deb-0766-4192-a9c8-499118891b34">
      <Output>
        <ErrorInfo>
          <Message>Shouldly.ShouldAssertException : expectedValue&#xD;
    should be&#xD;
32&#xD;
    but was&#xD;
1</Message>
          <StackTrace>   at Widget.Tests.MathTests.AddShouldReturnCorrectValue(Int32 number1, Int32 number2, Int32 expectedValue) in C:\code\widget\MathTests.cs:line 72</StackTrace>
        </ErrorInfo>
      </Output>
    </UnitTestResult>
    <UnitTestResult executionId="7af71796-6d5f-4e52-96ec-346bb64826d0" testId="56e754fe-62a5-c57f-f4e5-2ab4f31d2123" testName="Widget.Tests.MathTests.AddShouldReturnCorrectValue(number1: 1, number2: 43, expectedValue: 1)" computerName="MY-MACHINE" duration="00:00:00.0004232" startTime="2024-02-21T16:08:41.6740461-07:00" endTime="2024-02-21T16:08:41.6740461-07:00" testType="13cdc9d9-ddb5-4fa4-a97d-d965ccfc6d4b" outcome="Failed" testListId="8c84fa94-04c1-424b-9868-57a2d4851a1d" relativeResultsDirectory="7af71796-6d5f-4e52-96ec-346bb64826d0">
      <Output>
        <ErrorInfo>
          <Message>Shouldly.ShouldAssertException : expectedValue&#xD;
    should be&#xD;
44&#xD;
    but was&#xD;
1</Message>
          <StackTrace>   at Widget.Tests.MathTests.AddShouldReturnCorrectValue(Int32 number1, Int32 number2, Int32 expectedValue) in C:\code\widget\MathTests.cs:line 72</StackTrace>
        </ErrorInfo>
      </Output>
    </UnitTestResult>
    <UnitTestResult executionId="b80868e5-f311-4f87-9dce-738f4b202b70" testId="efbbcd98-9f9f-fc96-a286-fc1641ad6e89" testName="Widget.Tests.MathTests.AddShouldReturnCorrectValue(number1: 1, number2: 19, expectedValue: 1)" computerName="MY-MACHINE" duration="00:00:00.0004627" startTime="2024-02-21T16:08:41.6703360-07:00" endTime="2024-02-21T16:08:41.6703360-07:00" testType="13cdc9d9-ddb5-4fa4-a97d-d965ccfc6d4b" outcome="Failed" testListId="8c84fa94-04c1-424b-9868-57a2d4851a1d" relativeResultsDirectory="b80868e5-f311-4f87-9dce-738f4b202b70">
      <Output>
        <ErrorInfo>
          <Message>Shouldly.ShouldAssertException : expectedValue&#xD;
    should be&#xD;
20&#xD;
    but was&#xD;
1</Message>
          <StackTrace>   at Widget.Tests.MathTests.AddShouldReturnCorrectValue(Int32 number1, Int32 number2, Int32 expectedValue) in C:\code\widget\MathTests.cs:line 72</StackTrace>
        </ErrorInfo>
      </Output>
    </UnitTestResult>
    <UnitTestResult executionId="1aa2c301-0db4-42aa-802b-83cf59886a62" testId="b6cfe809-a3f4-e30c-f64f-c521df5a0fc7" testName="Widget.Tests.MathTests.AddShouldReturnCorrectValue(number1: 1, number2: 27, expectedValue: 1)" computerName="MY-MACHINE" duration="00:00:00.0003987" startTime="2024-02-21T16:08:41.6690780-07:00" endTime="2024-02-21T16:08:41.6690781-07:00" testType="13cdc9d9-ddb5-4fa4-a97d-d965ccfc6d4b" outcome="Failed" testListId="8c84fa94-04c1-424b-9868-57a2d4851a1d" relativeResultsDirectory="1aa2c301-0db4-42aa-802b-83cf59886a62">
      <Output>
        <ErrorInfo>
          <Message>Shouldly.ShouldAssertException : expectedValue&#xD;
    should be&#xD;
28&#xD;
    but was&#xD;
1</Message>
          <StackTrace>   at Widget.Tests.MathTests.AddShouldReturnCorrectValue(Int32 number1, Int32 number2, Int32 expectedValue) in C:\code\widget\MathTests.cs:line 72</StackTrace>
        </ErrorInfo>
      </Output>
    </UnitTestResult>
    <UnitTestResult executionId="5f7e6120-4505-4e83-ac91-423cd1455ecf" testId="7257afb7-4996-01e1-b034-4ccda54e01a5" testName="Widget.Tests.MathTests.AddShouldReturnCorrectValue(number1: 1, number2: 12, expectedValue: 1)" computerName="MY-MACHINE" duration="00:00:00.0004083" startTime="2024-02-21T16:08:41.6754508-07:00" endTime="2024-02-21T16:08:41.6754509-07:00" testType="13cdc9d9-ddb5-4fa4-a97d-d965ccfc6d4b" outcome="Failed" testListId="8c84fa94-04c1-424b-9868-57a2d4851a1d" relativeResultsDirectory="5f7e6120-4505-4e83-ac91-423cd1455ecf">
      <Output>
        <ErrorInfo>
          <Message>Shouldly.ShouldAssertException : expectedValue&#xD;
    should be&#xD;
13&#xD;
    but was&#xD;
1</Message>
          <StackTrace>   at Widget.Tests.MathTests.AddShouldReturnCorrectValue(Int32 number1, Int32 number2, Int32 expectedValue) in C:\code\widget\MathTests.cs:line 72</StackTrace>
        </ErrorInfo>
      </Output>
    </UnitTestResult>
    <UnitTestResult executionId="58ed7d7b-7b27-468b-b168-893fa98ebb93" testId="62e3bdb6-a23f-7685-8fff-00920b02fc06" testName="Widget.Tests.MathTests.AddShouldReturnCorrectValue(number1: 1, number2: 23, expectedValue: 1)" computerName="MY-MACHINE" duration="00:00:00.0005674" startTime="2024-02-21T16:08:41.6439944-07:00" endTime="2024-02-21T16:08:41.6439944-07:00" testType="13cdc9d9-ddb5-4fa4-a97d-d965ccfc6d4b" outcome="Failed" testListId="8c84fa94-04c1-424b-9868-57a2d4851a1d" relativeResultsDirectory="58ed7d7b-7b27-468b-b168-893fa98ebb93">
      <Output>
        <ErrorInfo>
          <Message>Shouldly.ShouldAssertException : expectedValue&#xD;
    should be&#xD;
24&#xD;
    but was&#xD;
1</Message>
          <StackTrace>   at Widget.Tests.MathTests.AddShouldReturnCorrectValue(Int32 number1, Int32 number2, Int32 expectedValue) in C:\code\widget\MathTests.cs:line 72</StackTrace>
        </ErrorInfo>
      </Output>
    </UnitTestResult>
    <UnitTestResult executionId="d4c61b89-6b14-4ef6-833b-7f1fa224cefd" testId="32d6ae0d-ed7f-2945-7d4a-7c8d459afb8b" testName="Widget.Tests.MathTests.AddShouldReturnCorrectValue(number1: 1, number2: 35, expectedValue: 1)" computerName="MY-MACHINE" duration="00:00:00.0004207" startTime="2024-02-21T16:08:41.6718735-07:00" endTime="2024-02-21T16:08:41.6718735-07:00" testType="13cdc9d9-ddb5-4fa4-a97d-d965ccfc6d4b" outcome="Failed" testListId="8c84fa94-04c1-424b-9868-57a2d4851a1d" relativeResultsDirectory="d4c61b89-6b14-4ef6-833b-7f1fa224cefd">
      <Output>
        <ErrorInfo>
          <Message>Shouldly.ShouldAssertException : expectedValue&#xD;
    should be&#xD;
36&#xD;
    but was&#xD;
1</Message>
          <StackTrace>   at Widget.Tests.MathTests.AddShouldReturnCorrectValue(Int32 number1, Int32 number2, Int32 expectedValue) in C:\code\widget\MathTests.cs:line 72</StackTrace>
        </ErrorInfo>
      </Output>
    </UnitTestResult>
    <UnitTestResult executionId="d1d3b328-00ef-4e8a-a16c-45bbeba9aabf" testId="e9056e47-4b7e-ad9a-06b1-5e0ea24359f4" testName="Widget.Tests.MathTests.AddShouldReturnCorrectValue(number1: 1, number2: 34, expectedValue: 1)" computerName="MY-MACHINE" duration="00:00:00.0005662" startTime="2024-02-21T16:08:41.6652449-07:00" endTime="2024-02-21T16:08:41.6652450-07:00" testType="13cdc9d9-ddb5-4fa4-a97d-d965ccfc6d4b" outcome="Failed" testListId="8c84fa94-04c1-424b-9868-57a2d4851a1d" relativeResultsDirectory="d1d3b328-00ef-4e8a-a16c-45bbeba9aabf">
      <Output>
        <ErrorInfo>
          <Message>Shouldly.ShouldAssertException : expectedValue&#xD;
    should be&#xD;
35&#xD;
    but was&#xD;
1</Message>
          <StackTrace>   at Widget.Tests.MathTests.AddShouldReturnCorrectValue(Int32 number1, Int32 number2, Int32 expectedValue) in C:\code\widget\MathTests.cs:line 72</StackTrace>
        </ErrorInfo>
      </Output>
    </UnitTestResult>
    <UnitTestResult executionId="5cb2a68a-1537-494a-8aa7-696a0dbd5741" testId="c4024f4d-d87c-abe8-f00c-32a36fed8d72" testName="Widget.Tests.MathTests.AddShouldReturnCorrectValue(number1: 1, number2: 54, expectedValue: 1)" computerName="MY-MACHINE" duration="00:00:00.0005498" startTime="2024-02-21T16:08:41.6438031-07:00" endTime="2024-02-21T16:08:41.6438032-07:00" testType="13cdc9d9-ddb5-4fa4-a97d-d965ccfc6d4b" outcome="Failed" testListId="8c84fa94-04c1-424b-9868-57a2d4851a1d" relativeResultsDirectory="5cb2a68a-1537-494a-8aa7-696a0dbd5741">
      <Output>
        <ErrorInfo>
          <Message>Shouldly.ShouldAssertException : expectedValue&#xD;
    should be&#xD;
55&#xD;
    but was&#xD;
1</Message>
          <StackTrace>   at Widget.Tests.MathTests.AddShouldReturnCorrectValue(Int32 number1, Int32 number2, Int32 expectedValue) in C:\code\widget\MathTests.cs:line 72</StackTrace>
        </ErrorInfo>
      </Output>
    </UnitTestResult>
    <UnitTestResult executionId="30dc454d-91ce-459c-a51a-6a686f722ccf" testId="c0862280-b8ae-ef16-f1be-aabc690f8402" testName="Widget.Tests.MathTests.AddShouldReturnCorrectValue(number1: 1, number2: 56, expectedValue: 1)" computerName="MY-MACHINE" duration="00:00:00.0004246" startTime="2024-02-21T16:08:41.6697569-07:00" endTime="2024-02-21T16:08:41.6697570-07:00" testType="13cdc9d9-ddb5-4fa4-a97d-d965ccfc6d4b" outcome="Failed" testListId="8c84fa94-04c1-424b-9868-57a2d4851a1d" relativeResultsDirectory="30dc454d-91ce-459c-a51a-6a686f722ccf">
      <Output>
        <ErrorInfo>
          <Message>Shouldly.ShouldAssertException : expectedValue&#xD;
    should be&#xD;
57&#xD;
    but was&#xD;
1</Message>
          <StackTrace>   at Widget.Tests.MathTests.AddShouldReturnCorrectValue(Int32 number1, Int32 number2, Int32 expectedValue) in C:\code\widget\MathTests.cs:line 72</StackTrace>
        </ErrorInfo>
      </Output>
    </UnitTestResult>
    <UnitTestResult executionId="86335057-97f5-4578-ab7f-fbd1d480c362" testId="aae74bf6-b734-e67c-7bb4-df9f2f339f97" testName="Widget.Tests.MathTests.AddShouldReturnCorrectValue(number1: 1, number2: 40, expectedValue: 1)" computerName="MY-MACHINE" duration="00:00:00.0004972" startTime="2024-02-21T16:08:41.6447527-07:00" endTime="2024-02-21T16:08:41.6447528-07:00" testType="13cdc9d9-ddb5-4fa4-a97d-d965ccfc6d4b" outcome="Failed" testListId="8c84fa94-04c1-424b-9868-57a2d4851a1d" relativeResultsDirectory="86335057-97f5-4578-ab7f-fbd1d480c362">
      <Output>
        <ErrorInfo>
          <Message>Shouldly.ShouldAssertException : expectedValue&#xD;
    should be&#xD;
41&#xD;
    but was&#xD;
1</Message>
          <StackTrace>   at Widget.Tests.MathTests.AddShouldReturnCorrectValue(Int32 number1, Int32 number2, Int32 expectedValue) in C:\code\widget\MathTests.cs:line 72</StackTrace>
        </ErrorInfo>
      </Output>
    </UnitTestResult>
    <UnitTestResult executionId="966d2b50-6b5c-49f7-83a9-545850f0ace1" testId="9088ba64-69f1-a5b5-12ea-b0d01c9b70f3" testName="Widget.Tests.MathTests.AddShouldReturnCorrectValue(number1: 1, number2: 4, expectedValue: 1)" computerName="MY-MACHINE" duration="00:00:00.0003952" startTime="2024-02-21T16:08:41.6747361-07:00" endTime="2024-02-21T16:08:41.6747362-07:00" testType="13cdc9d9-ddb5-4fa4-a97d-d965ccfc6d4b" outcome="Failed" testListId="8c84fa94-04c1-424b-9868-57a2d4851a1d" relativeResultsDirectory="966d2b50-6b5c-49f7-83a9-545850f0ace1">
      <Output>
        <ErrorInfo>
          <Message>Shouldly.ShouldAssertException : expectedValue&#xD;
    should be&#xD;
5&#xD;
    but was&#xD;
1</Message>
          <StackTrace>   at Widget.Tests.MathTests.AddShouldReturnCorrectValue(Int32 number1, Int32 number2, Int32 expectedValue) in C:\code\widget\MathTests.cs:line 72</StackTrace>
        </ErrorInfo>
      </Output>
    </UnitTestResult>
    <UnitTestResult executionId="35c0b7d9-bddc-485c-8b06-ebc4f47eca16" testId="538e4fee-0956-a3c6-529e-ef59772fe126" testName="Widget.Tests.MathTests.AddShouldReturnCorrectValue(number1: 1, number2: 17, expectedValue: 1)" computerName="MY-MACHINE" duration="00:00:00.0004922" startTime="2024-02-21T16:08:41.6443788-07:00" endTime="2024-02-21T16:08:41.6443788-07:00" testType="13cdc9d9-ddb5-4fa4-a97d-d965ccfc6d4b" outcome="Failed" testListId="8c84fa94-04c1-424b-9868-57a2d4851a1d" relativeResultsDirectory="35c0b7d9-bddc-485c-8b06-ebc4f47eca16">
      <Output>
        <ErrorInfo>
          <Message>Shouldly.ShouldAssertException : expectedValue&#xD;
    should be&#xD;
18&#xD;
    but was&#xD;
1</Message>
          <StackTrace>   at Widget.Tests.MathTests.AddShouldReturnCorrectValue(Int32 number1, Int32 number2, Int32 expectedValue) in C:\code\widget\MathTests.cs:line 72</StackTrace>
        </ErrorInfo>
      </Output>
    </UnitTestResult>
    <UnitTestResult executionId="66a2f561-47f7-4901-9b20-b2e421a06984" testId="98ac4a55-5451-dddf-f75f-0866cb074ba2" testName="Widget.Tests.MathTests.AddShouldReturnCorrectValue(number1: 1, number2: 50, expectedValue: 1)" computerName="MY-MACHINE" duration="00:00:00.0005328" startTime="2024-02-21T16:08:41.6441886-07:00" endTime="2024-02-21T16:08:41.6441886-07:00" testType="13cdc9d9-ddb5-4fa4-a97d-d965ccfc6d4b" outcome="Failed" testListId="8c84fa94-04c1-424b-9868-57a2d4851a1d" relativeResultsDirectory="66a2f561-47f7-4901-9b20-b2e421a06984">
      <Output>
        <ErrorInfo>
          <Message>Shouldly.ShouldAssertException : expectedValue&#xD;
    should be&#xD;
51&#xD;
    but was&#xD;
1</Message>
          <StackTrace>   at Widget.Tests.MathTests.AddShouldReturnCorrectValue(Int32 number1, Int32 number2, Int32 expectedValue) in C:\code\widget\MathTests.cs:line 72</StackTrace>
        </ErrorInfo>
      </Output>
    </UnitTestResult>
    <UnitTestResult executionId="eca58ce5-2016-498f-8567-b2b6043555f9" testId="01c885c5-b677-fa3b-61c2-6d380397280e" testName="Widget.Tests.MathTests.AddShouldReturnCorrectValue(number1: 1, number2: 58, expectedValue: 1)" computerName="MY-MACHINE" duration="00:00:00.0004136" startTime="2024-02-21T16:08:41.6759743-07:00" endTime="2024-02-21T16:08:41.6759744-07:00" testType="13cdc9d9-ddb5-4fa4-a97d-d965ccfc6d4b" outcome="Failed" testListId="8c84fa94-04c1-424b-9868-57a2d4851a1d" relativeResultsDirectory="eca58ce5-2016-498f-8567-b2b6043555f9">
      <Output>
        <ErrorInfo>
          <Message>Shouldly.ShouldAssertException : expectedValue&#xD;
    should be&#xD;
59&#xD;
    but was&#xD;
1</Message>
          <StackTrace>   at Widget.Tests.MathTests.AddShouldReturnCorrectValue(Int32 number1, Int32 number2, Int32 expectedValue) in C:\code\widget\MathTests.cs:line 72</StackTrace>
        </ErrorInfo>
      </Output>
    </UnitTestResult>
    <UnitTestResult executionId="21c64a2d-b2d6-4f20-b77b-54d83fe70dd4" testId="4ac45e18-36da-ffd7-18bd-23e832651f2c" testName="Widget.Tests.MathTests.AddShouldReturnCorrectValue(number1: 1, number2: 48, expectedValue: 1)" computerName="MY-MACHINE" duration="00:00:00.0004608" startTime="2024-02-21T16:08:41.6722351-07:00" endTime="2024-02-21T16:08:41.6722352-07:00" testType="13cdc9d9-ddb5-4fa4-a97d-d965ccfc6d4b" outcome="Failed" testListId="8c84fa94-04c1-424b-9868-57a2d4851a1d" relativeResultsDirectory="21c64a2d-b2d6-4f20-b77b-54d83fe70dd4">
      <Output>
        <ErrorInfo>
          <Message>Shouldly.ShouldAssertException : expectedValue&#xD;
    should be&#xD;
49&#xD;
    but was&#xD;
1</Message>
          <StackTrace>   at Widget.Tests.MathTests.AddShouldReturnCorrectValue(Int32 number1, Int32 number2, Int32 expectedValue) in C:\code\widget\MathTests.cs:line 72</StackTrace>
        </ErrorInfo>
      </Output>
    </UnitTestResult>
    <UnitTestResult executionId="b5d5ede0-9ff0-4466-97ce-979b650fef98" testId="3f03f01c-8395-96f0-4ca1-8c18b5d3fc30" testName="Widget.Tests.MathTests.AddShouldReturnCorrectValue(number1: 1, number2: 51, expectedValue: 1)" computerName="MY-MACHINE" duration="00:00:00.0004008" startTime="2024-02-21T16:08:41.6745597-07:00" endTime="2024-02-21T16:08:41.6745598-07:00" testType="13cdc9d9-ddb5-4fa4-a97d-d965ccfc6d4b" outcome="Failed" testListId="8c84fa94-04c1-424b-9868-57a2d4851a1d" relativeResultsDirectory="b5d5ede0-9ff0-4466-97ce-979b650fef98">
      <Output>
        <ErrorInfo>
          <Message>Shouldly.ShouldAssertException : expectedValue&#xD;
    should be&#xD;
52&#xD;
    but was&#xD;
1</Message>
          <StackTrace>   at Widget.Tests.MathTests.AddShouldReturnCorrectValue(Int32 number1, Int32 number2, Int32 expectedValue) in C:\code\widget\MathTests.cs:line 72</StackTrace>
        </ErrorInfo>
      </Output>
    </UnitTestResult>
    <UnitTestResult executionId="50f0f476-9bda-43dd-b64e-3efef28e1e4b" testId="e1c12f74-464f-09b7-b588-27648aecf585" testName="Widget.Tests.MathTests.AddShouldReturnCorrectValue(number1: 1, number2: 55, expectedValue: 1)" computerName="MY-MACHINE" duration="00:00:00.0378879" startTime="2024-02-21T16:08:41.6401158-07:00" endTime="2024-02-21T16:08:41.6401302-07:00" testType="13cdc9d9-ddb5-4fa4-a97d-d965ccfc6d4b" outcome="Failed" testListId="8c84fa94-04c1-424b-9868-57a2d4851a1d" relativeResultsDirectory="50f0f476-9bda-43dd-b64e-3efef28e1e4b">
      <Output>
        <ErrorInfo>
          <Message>Shouldly.ShouldAssertException : expectedValue&#xD;
    should be&#xD;
56&#xD;
    but was&#xD;
1</Message>
          <StackTrace>   at Widget.Tests.MathTests.AddShouldReturnCorrectValue(Int32 number1, Int32 number2, Int32 expectedValue) in C:\code\widget\MathTests.cs:line 72</StackTrace>
        </ErrorInfo>
      </Output>
    </UnitTestResult>
    <UnitTestResult executionId="d86e3571-c84a-4612-b0fa-c43f27cb302f" testId="ca2f28b1-9961-cc52-07ee-eb54335a418e" testName="Widget.Tests.MathTests.AddShouldReturnCorrectValue(number1: 1, number2: 46, expectedValue: 1)" computerName="MY-MACHINE" duration="00:00:00.0004323" startTime="2024-02-21T16:08:41.6712792-07:00" endTime="2024-02-21T16:08:41.6712793-07:00" testType="13cdc9d9-ddb5-4fa4-a97d-d965ccfc6d4b" outcome="Failed" testListId="8c84fa94-04c1-424b-9868-57a2d4851a1d" relativeResultsDirectory="d86e3571-c84a-4612-b0fa-c43f27cb302f">
      <Output>
        <ErrorInfo>
          <Message>Shouldly.ShouldAssertException : expectedValue&#xD;
    should be&#xD;
47&#xD;
    but was&#xD;
1</Message>
          <StackTrace>   at Widget.Tests.MathTests.AddShouldReturnCorrectValue(Int32 number1, Int32 number2, Int32 expectedValue) in C:\code\widget\MathTests.cs:line 72</StackTrace>
        </ErrorInfo>
      </Output>
    </UnitTestResult>
    <UnitTestResult executionId="c0aa56ed-1c7a-434e-b7c7-9a8165475a67" testId="3638eac2-bcb0-c038-f4df-effa8166b2ef" testName="Widget.Tests.MathTests.AddShouldReturnCorrectValue(number1: 1, number2: 8, expectedValue: 1)" computerName="MY-MACHINE" duration="00:00:00.0005692" startTime="2024-02-21T16:08:41.6436101-07:00" endTime="2024-02-21T16:08:41.6436102-07:00" testType="13cdc9d9-ddb5-4fa4-a97d-d965ccfc6d4b" outcome="Failed" testListId="8c84fa94-04c1-424b-9868-57a2d4851a1d" relativeResultsDirectory="c0aa56ed-1c7a-434e-b7c7-9a8165475a67">
      <Output>
        <ErrorInfo>
          <Message>Shouldly.ShouldAssertException : expectedValue&#xD;
    should be&#xD;
9&#xD;
    but was&#xD;
1</Message>
          <StackTrace>   at Widget.Tests.MathTests.AddShouldReturnCorrectValue(Int32 number1, Int32 number2, Int32 expectedValue) in C:\code\widget\MathTests.cs:line 72</StackTrace>
        </ErrorInfo>
      </Output>
    </UnitTestResult>
    <UnitTestResult executionId="89bbf0c3-1d04-4193-9eab-daff09d1443f" testId="6a2e1840-b793-ef94-4e0b-29d16343bcb0" testName="Widget.Tests.MathTests.AddShouldReturnCorrectValue(number1: 1, number2: 39, expectedValue: 1)" computerName="MY-MACHINE" duration="00:00:00.0004284" startTime="2024-02-21T16:08:41.6658011-07:00" endTime="2024-02-21T16:08:41.6658012-07:00" testType="13cdc9d9-ddb5-4fa4-a97d-d965ccfc6d4b" outcome="Failed" testListId="8c84fa94-04c1-424b-9868-57a2d4851a1d" relativeResultsDirectory="89bbf0c3-1d04-4193-9eab-daff09d1443f">
      <Output>
        <ErrorInfo>
          <Message>Shouldly.ShouldAssertException : expectedValue&#xD;
    should be&#xD;
40&#xD;
    but was&#xD;
1</Message>
          <StackTrace>   at Widget.Tests.MathTests.AddShouldReturnCorrectValue(Int32 number1, Int32 number2, Int32 expectedValue) in C:\code\widget\MathTests.cs:line 72</StackTrace>
        </ErrorInfo>
      </Output>
    </UnitTestResult>
    <UnitTestResult executionId="564b93ab-09aa-4321-b92a-b3df2587c3b4" testId="852fa76c-6946-06bb-1cbf-41692ce441b1" testName="Widget.Tests.MathTests.AddShouldReturnCorrectValue(number1: 1, number2: 16, expectedValue: 1)" computerName="MY-MACHINE" duration="00:00:00.0005986" startTime="2024-02-21T16:08:41.6724361-07:00" endTime="2024-02-21T16:08:41.6724362-07:00" testType="13cdc9d9-ddb5-4fa4-a97d-d965ccfc6d4b" outcome="Failed" testListId="8c84fa94-04c1-424b-9868-57a2d4851a1d" relativeResultsDirectory="564b93ab-09aa-4321-b92a-b3df2587c3b4">
      <Output>
        <ErrorInfo>
          <Message>Shouldly.ShouldAssertException : expectedValue&#xD;
    should be&#xD;
17&#xD;
    but was&#xD;
1</Message>
          <StackTrace>   at Widget.Tests.MathTests.AddShouldReturnCorrectValue(Int32 number1, Int32 number2, Int32 expectedValue) in C:\code\widget\MathTests.cs:line 72</StackTrace>
        </ErrorInfo>
      </Output>
    </UnitTestResult>
    <UnitTestResult executionId="08a18555-a995-4bf5-b334-95cecb2560c8" testId="2857b72e-9787-b300-ad91-81c72d3ad01e" testName="Widget.Tests.MathTests.AddShouldReturnCorrectValue(number1: 1, number2: 44, expectedValue: 1)" computerName="MY-MACHINE" duration="00:00:00.0004800" startTime="2024-02-21T16:08:41.6738734-07:00" endTime="2024-02-21T16:08:41.6738735-07:00" testType="13cdc9d9-ddb5-4fa4-a97d-d965ccfc6d4b" outcome="Failed" testListId="8c84fa94-04c1-424b-9868-57a2d4851a1d" relativeResultsDirectory="08a18555-a995-4bf5-b334-95cecb2560c8">
      <Output>
        <ErrorInfo>
          <Message>Shouldly.ShouldAssertException : expectedValue&#xD;
    should be&#xD;
45&#xD;
    but was&#xD;
1</Message>
          <StackTrace>   at Widget.Tests.MathTests.AddShouldReturnCorrectValue(Int32 number1, Int32 number2, Int32 expectedValue) in C:\code\widget\MathTests.cs:line 72</StackTrace>
        </ErrorInfo>
      </Output>
    </UnitTestResult>
    <UnitTestResult executionId="b4f495a6-98d4-47ad-a9ca-08e59d7f9dcd" testId="aaf5e71c-446e-1e70-415a-f8e4769f3e7e" testName="Widget.Tests.MathTests.AddShouldReturnCorrectValue(number1: 1, number2: 38, expectedValue: 1)" computerName="MY-MACHINE" duration="00:00:00.0004281" startTime="2024-02-21T16:08:41.6661784-07:00" endTime="2024-02-21T16:08:41.6661784-07:00" testType="13cdc9d9-ddb5-4fa4-a97d-d965ccfc6d4b" outcome="Failed" testListId="8c84fa94-04c1-424b-9868-57a2d4851a1d" relativeResultsDirectory="b4f495a6-98d4-47ad-a9ca-08e59d7f9dcd">
      <Output>
        <ErrorInfo>
          <Message>Shouldly.ShouldAssertException : expectedValue&#xD;
    should be&#xD;
39&#xD;
    but was&#xD;
1</Message>
          <StackTrace>   at Widget.Tests.MathTests.AddShouldReturnCorrectValue(Int32 number1, Int32 number2, Int32 expectedValue) in C:\code\widget\MathTests.cs:line 72</StackTrace>
        </ErrorInfo>
      </Output>
    </UnitTestResult>
    <UnitTestResult executionId="3db88609-e44e-404b-b6b3-3dae592264a6" testId="b0c1f3c7-96a4-f70d-5cdd-c1a6f6eceddd" testName="Widget.Tests.MathTests.AddShouldReturnCorrectValue(number1: 1, number2: 53, expectedValue: 1)" computerName="MY-MACHINE" duration="00:00:00.0004000" startTime="2024-02-21T16:08:41.6763089-07:00" endTime="2024-02-21T16:08:41.6763090-07:00" testType="13cdc9d9-ddb5-4fa4-a97d-d965ccfc6d4b" outcome="Failed" testListId="8c84fa94-04c1-424b-9868-57a2d4851a1d" relativeResultsDirectory="3db88609-e44e-404b-b6b3-3dae592264a6">
      <Output>
        <ErrorInfo>
          <Message>Shouldly.ShouldAssertException : expectedValue&#xD;
    should be&#xD;
54&#xD;
    but was&#xD;
1</Message>
          <StackTrace>   at Widget.Tests.MathTests.AddShouldReturnCorrectValue(Int32 number1, Int32 number2, Int32 expectedValue) in C:\code\widget\MathTests.cs:line 72</StackTrace>
        </ErrorInfo>
      </Output>
    </UnitTestResult>
    <UnitTestResult executionId="fca9c4a3-e5e8-4a2d-b867-db5a2aebe687" testId="5d32490e-7cbd-97d7-6536-4560bddef4bb" testName="Widget.Tests.MathTests.AddShouldReturnCorrectValue(number1: 1, number2: 37, expectedValue: 1)" computerName="MY-MACHINE" duration="00:00:00.0004009" startTime="2024-02-21T16:08:41.6771852-07:00" endTime="2024-02-21T16:08:41.6771852-07:00" testType="13cdc9d9-ddb5-4fa4-a97d-d965ccfc6d4b" outcome="Failed" testListId="8c84fa94-04c1-424b-9868-57a2d4851a1d" relativeResultsDirectory="fca9c4a3-e5e8-4a2d-b867-db5a2aebe687">
      <Output>
        <ErrorInfo>
          <Message>Shouldly.ShouldAssertException : expectedValue&#xD;
    should be&#xD;
38&#xD;
    but was&#xD;
1</Message>
          <StackTrace>   at Widget.Tests.MathTests.AddShouldReturnCorrectValue(Int32 number1, Int32 number2, Int32 expectedValue) in C:\code\widget\MathTests.cs:line 72</StackTrace>
        </ErrorInfo>
      </Output>
    </UnitTestResult>
    <UnitTestResult executionId="1a400e6f-59e7-425e-bf72-be4949f4ae62" testId="9982f12c-f8d6-cd13-1a3d-ce3c9ea2dc6d" testName="Widget.Tests.MathTests.AddShouldReturnCorrectValue(number1: 1, number2: 6, expectedValue: 1)" computerName="MY-MACHINE" duration="00:00:00.0004320" startTime="2024-02-21T16:08:41.6714989-07:00" endTime="2024-02-21T16:08:41.6714990-07:00" testType="13cdc9d9-ddb5-4fa4-a97d-d965ccfc6d4b" outcome="Failed" testListId="8c84fa94-04c1-424b-9868-57a2d4851a1d" relativeResultsDirectory="1a400e6f-59e7-425e-bf72-be4949f4ae62">
      <Output>
        <ErrorInfo>
          <Message>Shouldly.ShouldAssertException : expectedValue&#xD;
    should be&#xD;
7&#xD;
    but was&#xD;
1</Message>
          <StackTrace>   at Widget.Tests.MathTests.AddShouldReturnCorrectValue(Int32 number1, Int32 number2, Int32 expectedValue) in C:\code\widget\MathTests.cs:line 72</StackTrace>
        </ErrorInfo>
      </Output>
    </UnitTestResult>
    <UnitTestResult executionId="76c63e09-4fa7-4f01-a841-525f57c2cf43" testId="373583cc-4b31-2549-6593-c5559ba70da4" testName="Widget.Tests.MathTests.AddShouldReturnCorrectValue(number1: 1, number2: 13, expectedValue: 1)" computerName="MY-MACHINE" duration="00:00:00.0004249" startTime="2024-02-21T16:08:41.6659993-07:00" endTime="2024-02-21T16:08:41.6659993-07:00" testType="13cdc9d9-ddb5-4fa4-a97d-d965ccfc6d4b" outcome="Failed" testListId="8c84fa94-04c1-424b-9868-57a2d4851a1d" relativeResultsDirectory="76c63e09-4fa7-4f01-a841-525f57c2cf43">
      <Output>
        <ErrorInfo>
          <Message>Shouldly.ShouldAssertException : expectedValue&#xD;
    should be&#xD;
14&#xD;
    but was&#xD;
1</Message>
          <StackTrace>   at Widget.Tests.MathTests.AddShouldReturnCorrectValue(Int32 number1, Int32 number2, Int32 expectedValue) in C:\code\widget\MathTests.cs:line 72</StackTrace>
        </ErrorInfo>
      </Output>
    </UnitTestResult>
    <UnitTestResult executionId="992d1e4d-3f2a-4466-826e-709746ad4ebe" testId="c1280ade-18fa-b94c-9b3b-fd5c6729fa57" testName="Widget.Tests.MathTests.AddShouldReturnCorrectValue(number1: 1, number2: 10, expectedValue: 1)" computerName="MY-MACHINE" duration="00:00:00.0004336" startTime="2024-02-21T16:08:41.6701329-07:00" endTime="2024-02-21T16:08:41.6701330-07:00" testType="13cdc9d9-ddb5-4fa4-a97d-d965ccfc6d4b" outcome="Failed" testListId="8c84fa94-04c1-424b-9868-57a2d4851a1d" relativeResultsDirectory="992d1e4d-3f2a-4466-826e-709746ad4ebe">
      <Output>
        <ErrorInfo>
          <Message>Shouldly.ShouldAssertException : expectedValue&#xD;
    should be&#xD;
11&#xD;
    but was&#xD;
1</Message>
          <StackTrace>   at Widget.Tests.MathTests.AddShouldReturnCorrectValue(Int32 number1, Int32 number2, Int32 expectedValue) in C:\code\widget\MathTests.cs:line 72</StackTrace>
        </ErrorInfo>
      </Output>
    </UnitTestResult>
    <UnitTestResult executionId="fba1e209-2313-4ca1-9b1b-0160e9946f15" testId="14c82592-a57d-bfc7-2e89-53f4da58c6af" testName="Widget.Tests.MathTests.AddShouldReturnCorrectValue(number1: 1, number2: 3, expectedValue: 1)" computerName="MY-MACHINE" duration="00:00:00.0004097" startTime="2024-02-21T16:08:41.6750842-07:00" endTime="2024-02-21T16:08:41.6750843-07:00" testType="13cdc9d9-ddb5-4fa4-a97d-d965ccfc6d4b" outcome="Failed" testListId="8c84fa94-04c1-424b-9868-57a2d4851a1d" relativeResultsDirectory="fba1e209-2313-4ca1-9b1b-0160e9946f15">
      <Output>
        <ErrorInfo>
          <Message>Shouldly.ShouldAssertException : expectedValue&#xD;
    should be&#xD;
4&#xD;
    but was&#xD;
1</Message>
          <StackTrace>   at Widget.Tests.MathTests.AddShouldReturnCorrectValue(Int32 number1, Int32 number2, Int32 expectedValue) in C:\code\widget\MathTests.cs:line 72</StackTrace>
        </ErrorInfo>
      </Output>
    </UnitTestResult>
  </Results>
  <TestDefinitions>
    <UnitTest name="Widget.Tests.MathTests.AddShouldReturnCorrectValue(number1: 1, number2: 6, expectedValue: 1)" storage="c:\code\widget\bin\release\net6.0\widget.tests.dll" id="9982f12c-f8d6-cd13-1a3d-ce3c9ea2dc6d">
      <Execution id="1a400e6f-59e7-425e-bf72-be4949f4ae62" />
      <TestMethod codeBase="C:\code\widget\bin\Release\net6.0\Widget.Tests.dll" adapterTypeName="executor://xunit/VsTestRunner2/netcoreapp" className="Widget.Tests.MathTests" name="AddShouldReturnCorrectValue" />
    </UnitTest>
    <UnitTest name="Widget.Tests.MathTests.AddShouldReturnCorrectValue(number1: 1, number2: 18, expectedValue: 1)" storage="c:\code\widget\bin\release\net6.0\widget.tests.dll" id="73000b28-69f4-4e0c-9a81-7520c792498e">
      <Execution id="a893fc28-9f31-4b78-a972-444d056b36d2" />
      <TestMethod codeBase="C:\code\widget\bin\Release\net6.0\Widget.Tests.dll" adapterTypeName="executor://xunit/VsTestRunner2/netcoreapp" className="Widget.Tests.MathTests" name="AddShouldReturnCorrectValue" />
    </UnitTest>
    <UnitTest name="Widget.Tests.MathTests.AddShouldReturnCorrectValue(number1: 1, number2: 9, expectedValue: 1)" storage="c:\code\widget\bin\release\net6.0\widget.tests.dll" id="caf79745-8658-2526-bf7d-71f204a4c4b2">
      <Execution id="654a1135-fa8f-44a1-96f1-8c6cd7c13b19" />
      <TestMethod codeBase="C:\code\widget\bin\Release\net6.0\Widget.Tests.dll" adapterTypeName="executor://xunit/VsTestRunner2/netcoreapp" className="Widget.Tests.MathTests" name="AddShouldReturnCorrectValue" />
    </UnitTest>
    <UnitTest name="Widget.Tests.MathTests.AddShouldReturnCorrectValue(number1: 1, number2: 44, expectedValue: 1)" storage="c:\code\widget\bin\release\net6.0\widget.tests.dll" id="2857b72e-9787-b300-ad91-81c72d3ad01e">
      <Execution id="08a18555-a995-4bf5-b334-95cecb2560c8" />
      <TestMethod codeBase="C:\code\widget\bin\Release\net6.0\Widget.Tests.dll" adapterTypeName="executor://xunit/VsTestRunner2/netcoreapp" className="Widget.Tests.MathTests" name="AddShouldReturnCorrectValue" />
    </UnitTest>
    <UnitTest name="Widget.Tests.MathTests.AddShouldReturnCorrectValue(number1: 1, number2: 37, expectedValue: 1)" storage="c:\code\widget\bin\release\net6.0\widget.tests.dll" id="5d32490e-7cbd-97d7-6536-4560bddef4bb">
      <Execution id="fca9c4a3-e5e8-4a2d-b867-db5a2aebe687" />
      <TestMethod codeBase="C:\code\widget\bin\Release\net6.0\Widget.Tests.dll" adapterTypeName="executor://xunit/VsTestRunner2/netcoreapp" className="Widget.Tests.MathTests" name="AddShouldReturnCorrectValue" />
    </UnitTest>
    <UnitTest name="Widget.Tests.MathTests.AddShouldReturnCorrectValue(number1: 1, number2: 13, expectedValue: 1)" storage="c:\code\widget\bin\release\net6.0\widget.tests.dll" id="373583cc-4b31-2549-6593-c5559ba70da4">
      <Execution id="76c63e09-4fa7-4f01-a841-525f57c2cf43" />
      <TestMethod codeBase="C:\code\widget\bin\Release\net6.0\Widget.Tests.dll" adapterTypeName="executor://xunit/VsTestRunner2/netcoreapp" className="Widget.Tests.MathTests" name="AddShouldReturnCorrectValue" />
    </UnitTest>
    <UnitTest name="Widget.Tests.MathTests.AddShouldReturnCorrectValue(number1: 1, number2: 33, expectedValue: 1)" storage="c:\code\widget\bin\release\net6.0\widget.tests.dll" id="9854312b-6a7b-a593-5643-67b72b067a2b">
      <Execution id="b57a237a-d915-4066-b610-931ba723c2ce" />
      <TestMethod codeBase="C:\code\widget\bin\Release\net6.0\Widget.Tests.dll" adapterTypeName="executor://xunit/VsTestRunner2/netcoreapp" className="Widget.Tests.MathTests" name="AddShouldReturnCorrectValue" />
    </UnitTest>
    <UnitTest name="Widget.Tests.MathTests.AddShouldReturnCorrectValue(number1: 1, number2: 59, expectedValue: 1)" storage="c:\code\widget\bin\release\net6.0\widget.tests.dll" id="65ff7472-cc40-0dc3-4667-e1e7ae325016">
      <Execution id="efb59adf-d538-40ca-9447-8da0ea43b209" />
      <TestMethod codeBase="C:\code\widget\bin\Release\net6.0\Widget.Tests.dll" adapterTypeName="executor://xunit/VsTestRunner2/netcoreapp" className="Widget.Tests.MathTests" name="AddShouldReturnCorrectValue" />
    </UnitTest>
    <UnitTest name="Widget.Tests.MathTests.AddShouldReturnCorrectValue(number1: 1, number2: 1, expectedValue: 1)" storage="c:\code\widget\bin\release\net6.0\widget.tests.dll" id="e084d7c8-ceec-cf9f-a1b9-e150373ca7d2">
      <Execution id="7366cb27-39bc-427b-b177-cf4f1f1258be" />
      <TestMethod codeBase="C:\code\widget\bin\Release\net6.0\Widget.Tests.dll" adapterTypeName="executor://xunit/VsTestRunner2/netcoreapp" className="Widget.Tests.MathTests" name="AddShouldReturnCorrectValue" />
    </UnitTest>
    <UnitTest name="Widget.Tests.MathTests.AddShouldReturnCorrectValue(number1: 1, number2: 24, expectedValue: 1)" storage="c:\code\widget\bin\release\net6.0\widget.tests.dll" id="6c573d6e-07e3-025d-e5e8-b9cc7396ee62">
      <Execution id="510667c8-fa89-4366-b140-8930c8b7bcef" />
      <TestMethod codeBase="C:\code\widget\bin\Release\net6.0\Widget.Tests.dll" adapterTypeName="executor://xunit/VsTestRunner2/netcoreapp" className="Widget.Tests.MathTests" name="AddShouldReturnCorrectValue" />
    </UnitTest>
    <UnitTest name="Widget.Tests.MathTests.AddShouldReturnCorrectValue(number1: 1, number2: 23, expectedValue: 1)" storage="c:\code\widget\bin\release\net6.0\widget.tests.dll" id="62e3bdb6-a23f-7685-8fff-00920b02fc06">
      <Execution id="58ed7d7b-7b27-468b-b168-893fa98ebb93" />
      <TestMethod codeBase="C:\code\widget\bin\Release\net6.0\Widget.Tests.dll" adapterTypeName="executor://xunit/VsTestRunner2/netcoreapp" className="Widget.Tests.MathTests" name="AddShouldReturnCorrectValue" />
    </UnitTest>
    <UnitTest name="Widget.Tests.MathTests.AddShouldReturnCorrectValue(number1: 1, number2: 50, expectedValue: 1)" storage="c:\code\widget\bin\release\net6.0\widget.tests.dll" id="98ac4a55-5451-dddf-f75f-0866cb074ba2">
      <Execution id="66a2f561-47f7-4901-9b20-b2e421a06984" />
      <TestMethod codeBase="C:\code\widget\bin\Release\net6.0\Widget.Tests.dll" adapterTypeName="executor://xunit/VsTestRunner2/netcoreapp" className="Widget.Tests.MathTests" name="AddShouldReturnCorrectValue" />
    </UnitTest>
    <UnitTest name="Widget.Tests.MathTests.AddShouldReturnCorrectValue(number1: 1, number2: 21, expectedValue: 1)" storage="c:\code\widget\bin\release\net6.0\widget.tests.dll" id="3d012c0b-76e9-7396-2730-57224687c11a">
      <Execution id="4044723e-e35e-4589-b6b7-74eaab04fdd3" />
      <TestMethod codeBase="C:\code\widget\bin\Release\net6.0\Widget.Tests.dll" adapterTypeName="executor://xunit/VsTestRunner2/netcoreapp" className="Widget.Tests.MathTests" name="AddShouldReturnCorrectValue" />
    </UnitTest>
    <UnitTest name="Widget.Tests.MathTests.AddShouldReturnCorrectValue(number1: 1, number2: 53, expectedValue: 1)" storage="c:\code\widget\bin\release\net6.0\widget.tests.dll" id="b0c1f3c7-96a4-f70d-5cdd-c1a6f6eceddd">
      <Execution id="3db88609-e44e-404b-b6b3-3dae592264a6" />
      <TestMethod codeBase="C:\code\widget\bin\Release\net6.0\Widget.Tests.dll" adapterTypeName="executor://xunit/VsTestRunner2/netcoreapp" className="Widget.Tests.MathTests" name="AddShouldReturnCorrectValue" />
    </UnitTest>
    <UnitTest name="Widget.Tests.MathTests.AddShouldReturnCorrectValue(number1: 1, number2: 36, expectedValue: 1)" storage="c:\code\widget\bin\release\net6.0\widget.tests.dll" id="dc30e6f0-72f2-de2f-632f-445bb16b2d0f">
      <Execution id="8ff63d99-ed7f-4f20-a7e0-1e059b4a19e9" />
      <TestMethod codeBase="C:\code\widget\bin\Release\net6.0\Widget.Tests.dll" adapterTypeName="executor://xunit/VsTestRunner2/netcoreapp" className="Widget.Tests.MathTests" name="AddShouldReturnCorrectValue" />
    </UnitTest>
    <UnitTest name="Widget.Tests.MathTests.AddShouldReturnCorrectValue(number1: 1, number2: 35, expectedValue: 1)" storage="c:\code\widget\bin\release\net6.0\widget.tests.dll" id="32d6ae0d-ed7f-2945-7d4a-7c8d459afb8b">
      <Execution id="d4c61b89-6b14-4ef6-833b-7f1fa224cefd" />
      <TestMethod codeBase="C:\code\widget\bin\Release\net6.0\Widget.Tests.dll" adapterTypeName="executor://xunit/VsTestRunner2/netcoreapp" className="Widget.Tests.MathTests" name="AddShouldReturnCorrectValue" />
    </UnitTest>
    <UnitTest name="Widget.Tests.MathTests.AddShouldReturnCorrectValue(number1: 1, number2: 31, expectedValue: 1)" storage="c:\code\widget\bin\release\net6.0\widget.tests.dll" id="321d7662-dbe5-4525-b49c-5433bb721d99">
      <Execution id="62646deb-0766-4192-a9c8-499118891b34" />
      <TestMethod codeBase="C:\code\widget\bin\Release\net6.0\Widget.Tests.dll" adapterTypeName="executor://xunit/VsTestRunner2/netcoreapp" className="Widget.Tests.MathTests" name="AddShouldReturnCorrectValue" />
    </UnitTest>
    <UnitTest name="Widget.Tests.MathTests.AddShouldReturnCorrectValue(number1: 1, number2: 2, expectedValue: 1)" storage="c:\code\widget\bin\release\net6.0\widget.tests.dll" id="d42146df-2053-1d46-f1e9-3bda3cfff254">
      <Execution id="61320c51-7bbf-4263-9121-0bb860b3d9b2" />
      <TestMethod codeBase="C:\code\widget\bin\Release\net6.0\Widget.Tests.dll" adapterTypeName="executor://xunit/VsTestRunner2/netcoreapp" className="Widget.Tests.MathTests" name="AddShouldReturnCorrectValue" />
    </UnitTest>
    <UnitTest name="Widget.Tests.MathTests.AddShouldReturnCorrectValue(number1: 1, number2: 34, expectedValue: 1)" storage="c:\code\widget\bin\release\net6.0\widget.tests.dll" id="e9056e47-4b7e-ad9a-06b1-5e0ea24359f4">
      <Execution id="d1d3b328-00ef-4e8a-a16c-45bbeba9aabf" />
      <TestMethod codeBase="C:\code\widget\bin\Release\net6.0\Widget.Tests.dll" adapterTypeName="executor://xunit/VsTestRunner2/netcoreapp" className="Widget.Tests.MathTests" name="AddShouldReturnCorrectValue" />
    </UnitTest>
    <UnitTest name="Widget.Tests.MathTests.AddShouldReturnCorrectValue(number1: 1, number2: 38, expectedValue: 1)" storage="c:\code\widget\bin\release\net6.0\widget.tests.dll" id="aaf5e71c-446e-1e70-415a-f8e4769f3e7e">
      <Execution id="b4f495a6-98d4-47ad-a9ca-08e59d7f9dcd" />
      <TestMethod codeBase="C:\code\widget\bin\Release\net6.0\Widget.Tests.dll" adapterTypeName="executor://xunit/VsTestRunner2/netcoreapp" className="Widget.Tests.MathTests" name="AddShouldReturnCorrectValue" />
    </UnitTest>
    <UnitTest name="Widget.Tests.MathTests.AddShouldReturnCorrectValue(number1: 1, number2: 28, expectedValue: 1)" storage="c:\code\widget\bin\release\net6.0\widget.tests.dll" id="b28770b6-571f-79ca-f236-ac935cc128a4">
      <Execution id="27ac44cb-25b7-4205-9794-40609b549c67" />
      <TestMethod codeBase="C:\code\widget\bin\Release\net6.0\Widget.Tests.dll" adapterTypeName="executor://xunit/VsTestRunner2/netcoreapp" className="Widget.Tests.MathTests" name="AddShouldReturnCorrectValue" />
    </UnitTest>
    <UnitTest name="Widget.Tests.MathTests.AddShouldReturnCorrectValue(number1: 1, number2: 15, expectedValue: 1)" storage="c:\code\widget\bin\release\net6.0\widget.tests.dll" id="f1a5d498-b25a-90a5-88c6-5874479478d8">
      <Execution id="3f18b719-21ec-464e-8acf-ffd7231eb1db" />
      <TestMethod codeBase="C:\code\widget\bin\Release\net6.0\Widget.Tests.dll" adapterTypeName="executor://xunit/VsTestRunner2/netcoreapp" className="Widget.Tests.MathTests" name="AddShouldReturnCorrectValue" />
    </UnitTest>
    <UnitTest name="Widget.Tests.MathTests.AddShouldReturnCorrectValue(number1: 1, number2: 60, expectedValue: 1)" storage="c:\code\widget\bin\release\net6.0\widget.tests.dll" id="d27ee9e8-be4c-3202-d0b0-ae1459cd7fa4">
      <Execution id="8090ded5-c601-4c6a-b003-3abd5f670039" />
      <TestMethod codeBase="C:\code\widget\bin\Release\net6.0\Widget.Tests.dll" adapterTypeName="executor://xunit/VsTestRunner2/netcoreapp" className="Widget.Tests.MathTests" name="AddShouldReturnCorrectValue" />
    </UnitTest>
    <UnitTest name="Widget.Tests.MathTests.AddShouldReturnCorrectValue(number1: 1, number2: 56, expectedValue: 1)" storage="c:\code\widget\bin\release\net6.0\widget.tests.dll" id="c0862280-b8ae-ef16-f1be-aabc690f8402">
      <Execution id="30dc454d-91ce-459c-a51a-6a686f722ccf" />
      <TestMethod codeBase="C:\code\widget\bin\Release\net6.0\Widget.Tests.dll" adapterTypeName="executor://xunit/VsTestRunner2/netcoreapp" className="Widget.Tests.MathTests" name="AddShouldReturnCorrectValue" />
    </UnitTest>
    <UnitTest name="Widget.Tests.MathTests.AddShouldReturnCorrectValue(number1: 1, number2: 51, expectedValue: 1)" storage="c:\code\widget\bin\release\net6.0\widget.tests.dll" id="3f03f01c-8395-96f0-4ca1-8c18b5d3fc30">
      <Execution id="b5d5ede0-9ff0-4466-97ce-979b650fef98" />
      <TestMethod codeBase="C:\code\widget\bin\Release\net6.0\Widget.Tests.dll" adapterTypeName="executor://xunit/VsTestRunner2/netcoreapp" className="Widget.Tests.MathTests" name="AddShouldReturnCorrectValue" />
    </UnitTest>
    <UnitTest name="Widget.Tests.MathTests.AddShouldReturnCorrectValue(number1: 1, number2: 29, expectedValue: 1)" storage="c:\code\widget\bin\release\net6.0\widget.tests.dll" id="72064192-d21a-0b50-0a39-627388a50297">
      <Execution id="93380d1c-4a99-4276-a626-fb8bf7c88715" />
      <TestMethod codeBase="C:\code\widget\bin\Release\net6.0\Widget.Tests.dll" adapterTypeName="executor://xunit/VsTestRunner2/netcoreapp" className="Widget.Tests.MathTests" name="AddShouldReturnCorrectValue" />
    </UnitTest>
    <UnitTest name="Widget.Tests.MathTests.AddShouldReturnCorrectValue(number1: 1, number2: 5, expectedValue: 1)" storage="c:\code\widget\bin\release\net6.0\widget.tests.dll" id="c3095d08-31be-12b9-abd3-c8473bfbc757">
      <Execution id="b9d4e221-5710-4c38-8d10-bcffcd933413" />
      <TestMethod codeBase="C:\code\widget\bin\Release\net6.0\Widget.Tests.dll" adapterTypeName="executor://xunit/VsTestRunner2/netcoreapp" className="Widget.Tests.MathTests" name="AddShouldReturnCorrectValue" />
    </UnitTest>
    <UnitTest name="Widget.Tests.MathTests.AddShouldReturnCorrectValue(number1: 1, number2: 30, expectedValue: 1)" storage="c:\code\widget\bin\release\net6.0\widget.tests.dll" id="e8fc6860-770e-986a-930b-590e7df1ea72">
      <Execution id="374a622e-96ea-46c9-af5d-bc6456a965ec" />
      <TestMethod codeBase="C:\code\widget\bin\Release\net6.0\Widget.Tests.dll" adapterTypeName="executor://xunit/VsTestRunner2/netcoreapp" className="Widget.Tests.MathTests" name="AddShouldReturnCorrectValue" />
    </UnitTest>
    <UnitTest name="Widget.Tests.MathTests.AddShouldReturnCorrectValue(number1: 1, number2: 16, expectedValue: 1)" storage="c:\code\widget\bin\release\net6.0\widget.tests.dll" id="852fa76c-6946-06bb-1cbf-41692ce441b1">
      <Execution id="564b93ab-09aa-4321-b92a-b3df2587c3b4" />
      <TestMethod codeBase="C:\code\widget\bin\Release\net6.0\Widget.Tests.dll" adapterTypeName="executor://xunit/VsTestRunner2/netcoreapp" className="Widget.Tests.MathTests" name="AddShouldReturnCorrectValue" />
    </UnitTest>
    <UnitTest name="Widget.Tests.MathTests.AddShouldReturnCorrectValue(number1: 1, number2: 57, expectedValue: 1)" storage="c:\code\widget\bin\release\net6.0\widget.tests.dll" id="352cd780-5229-1585-3b07-cc099a319be1">
      <Execution id="5d37280b-8648-43ff-97a8-c41d46b3a102" />
      <TestMethod codeBase="C:\code\widget\bin\Release\net6.0\Widget.Tests.dll" adapterTypeName="executor://xunit/VsTestRunner2/netcoreapp" className="Widget.Tests.MathTests" name="AddShouldReturnCorrectValue" />
    </UnitTest>
    <UnitTest name="Widget.Tests.MathTests.AddShouldReturnCorrectValue(number1: 1, number2: 54, expectedValue: 1)" storage="c:\code\widget\bin\release\net6.0\widget.tests.dll" id="c4024f4d-d87c-abe8-f00c-32a36fed8d72">
      <Execution id="5cb2a68a-1537-494a-8aa7-696a0dbd5741" />
      <TestMethod codeBase="C:\code\widget\bin\Release\net6.0\Widget.Tests.dll" adapterTypeName="executor://xunit/VsTestRunner2/netcoreapp" className="Widget.Tests.MathTests" name="AddShouldReturnCorrectValue" />
    </UnitTest>
    <UnitTest name="Widget.Tests.MathTests.AddShouldReturnCorrectValue(number1: 1, number2: 42, expectedValue: 1)" storage="c:\code\widget\bin\release\net6.0\widget.tests.dll" id="7f4dd2a6-a760-db3d-b20f-ba52664e3748">
      <Execution id="4e0b6b1f-b8c3-406b-85c6-5542889b7ed9" />
      <TestMethod codeBase="C:\code\widget\bin\Release\net6.0\Widget.Tests.dll" adapterTypeName="executor://xunit/VsTestRunner2/netcoreapp" className="Widget.Tests.MathTests" name="AddShouldReturnCorrectValue" />
    </UnitTest>
    <UnitTest name="Widget.Tests.MathTests.AddShouldReturnCorrectValue(number1: 1, number2: 45, expectedValue: 1)" storage="c:\code\widget\bin\release\net6.0\widget.tests.dll" id="b852d6f1-b894-3c65-7b50-236536d3be1f">
      <Execution id="44099703-5dfa-4094-a548-1db7f352aacd" />
      <TestMethod codeBase="C:\code\widget\bin\Release\net6.0\Widget.Tests.dll" adapterTypeName="executor://xunit/VsTestRunner2/netcoreapp" className="Widget.Tests.MathTests" name="AddShouldReturnCorrectValue" />
    </UnitTest>
    <UnitTest name="Widget.Tests.MathTests.AddShouldReturnCorrectValue(number1: 1, number2: 39, expectedValue: 1)" storage="c:\code\widget\bin\release\net6.0\widget.tests.dll" id="6a2e1840-b793-ef94-4e0b-29d16343bcb0">
      <Execution id="89bbf0c3-1d04-4193-9eab-daff09d1443f" />
      <TestMethod codeBase="C:\code\widget\bin\Release\net6.0\Widget.Tests.dll" adapterTypeName="executor://xunit/VsTestRunner2/netcoreapp" className="Widget.Tests.MathTests" name="AddShouldReturnCorrectValue" />
    </UnitTest>
    <UnitTest name="Widget.Tests.MathTests.AddShouldReturnCorrectValue(number1: 1, number2: 3, expectedValue: 1)" storage="c:\code\widget\bin\release\net6.0\widget.tests.dll" id="14c82592-a57d-bfc7-2e89-53f4da58c6af">
      <Execution id="fba1e209-2313-4ca1-9b1b-0160e9946f15" />
      <TestMethod codeBase="C:\code\widget\bin\Release\net6.0\Widget.Tests.dll" adapterTypeName="executor://xunit/VsTestRunner2/netcoreapp" className="Widget.Tests.MathTests" name="AddShouldReturnCorrectValue" />
    </UnitTest>
    <UnitTest name="Widget.Tests.MathTests.AddShouldReturnCorrectValue(number1: 1, number2: 4, expectedValue: 1)" storage="c:\code\widget\bin\release\net6.0\widget.tests.dll" id="9088ba64-69f1-a5b5-12ea-b0d01c9b70f3">
      <Execution id="966d2b50-6b5c-49f7-83a9-545850f0ace1" />
      <TestMethod codeBase="C:\code\widget\bin\Release\net6.0\Widget.Tests.dll" adapterTypeName="executor://xunit/VsTestRunner2/netcoreapp" className="Widget.Tests.MathTests" name="AddShouldReturnCorrectValue" />
    </UnitTest>
    <UnitTest name="Widget.Tests.MathTests.AddShouldReturnCorrectValue(number1: 1, number2: 12, expectedValue: 1)" storage="c:\code\widget\bin\release\net6.0\widget.tests.dll" id="7257afb7-4996-01e1-b034-4ccda54e01a5">
      <Execution id="5f7e6120-4505-4e83-ac91-423cd1455ecf" />
      <TestMethod codeBase="C:\code\widget\bin\Release\net6.0\Widget.Tests.dll" adapterTypeName="executor://xunit/VsTestRunner2/netcoreapp" className="Widget.Tests.MathTests" name="AddShouldReturnCorrectValue" />
    </UnitTest>
    <UnitTest name="Widget.Tests.MathTests.AddShouldReturnCorrectValue(number1: 1, number2: 40, expectedValue: 1)" storage="c:\code\widget\bin\release\net6.0\widget.tests.dll" id="aae74bf6-b734-e67c-7bb4-df9f2f339f97">
      <Execution id="86335057-97f5-4578-ab7f-fbd1d480c362" />
      <TestMethod codeBase="C:\code\widget\bin\Release\net6.0\Widget.Tests.dll" adapterTypeName="executor://xunit/VsTestRunner2/netcoreapp" className="Widget.Tests.MathTests" name="AddShouldReturnCorrectValue" />
    </UnitTest>
    <UnitTest name="Widget.Tests.MathTests.AddShouldReturnCorrectValue(number1: 1, number2: 55, expectedValue: 1)" storage="c:\code\widget\bin\release\net6.0\widget.tests.dll" id="e1c12f74-464f-09b7-b588-27648aecf585">
      <Execution id="50f0f476-9bda-43dd-b64e-3efef28e1e4b" />
      <TestMethod codeBase="C:\code\widget\bin\Release\net6.0\Widget.Tests.dll" adapterTypeName="executor://xunit/VsTestRunner2/netcoreapp" className="Widget.Tests.MathTests" name="AddShouldReturnCorrectValue" />
    </UnitTest>
    <UnitTest name="Widget.Tests.MathTests.AddShouldReturnCorrectValue(number1: 1, number2: 48, expectedValue: 1)" storage="c:\code\widget\bin\release\net6.0\widget.tests.dll" id="4ac45e18-36da-ffd7-18bd-23e832651f2c">
      <Execution id="21c64a2d-b2d6-4f20-b77b-54d83fe70dd4" />
      <TestMethod codeBase="C:\code\widget\bin\Release\net6.0\Widget.Tests.dll" adapterTypeName="executor://xunit/VsTestRunner2/netcoreapp" className="Widget.Tests.MathTests" name="AddShouldReturnCorrectValue" />
    </UnitTest>
    <UnitTest name="Widget.Tests.MathTests.AddShouldReturnCorrectValue(number1: 1, number2: 26, expectedValue: 1)" storage="c:\code\widget\bin\release\net6.0\widget.tests.dll" id="6519af9c-60b8-0de6-4da5-ba26d72f84d3">
      <Execution id="09d7e99a-c372-4873-b892-32446f3a64a9" />
      <TestMethod codeBase="C:\code\widget\bin\Release\net6.0\Widget.Tests.dll" adapterTypeName="executor://xunit/VsTestRunner2/netcoreapp" className="Widget.Tests.MathTests" name="AddShouldReturnCorrectValue" />
    </UnitTest>
    <UnitTest name="Widget.Tests.MathTests.AddShouldReturnCorrectValue(number1: 1, number2: 49, expectedValue: 1)" storage="c:\code\widget\bin\release\net6.0\widget.tests.dll" id="7956be24-9269-b487-48f8-99c3b3d0b6d0">
      <Execution id="eb192c81-f431-4314-9b29-edb3a90a0426" />
      <TestMethod codeBase="C:\code\widget\bin\Release\net6.0\Widget.Tests.dll" adapterTypeName="executor://xunit/VsTestRunner2/netcoreapp" className="Widget.Tests.MathTests" name="AddShouldReturnCorrectValue" />
    </UnitTest>
[...]
[xUnit.net 00:00:00.27]       Shouldly.ShouldAssertException : expectedValue&#xD;
[xUnit.net 00:00:00.27]           should be&#xD;
[xUnit.net 00:00:00.27]       59&#xD;
[xUnit.net 00:00:00.27]           but was&#xD;
[xUnit.net 00:00:00.27]       1&#xD;
[xUnit.net 00:00:00.27]       Stack Trace:&#xD;
[xUnit.net 00:00:00.27]         C:\code\widget\MathTests.cs(72,0): at Widget.Tests.MathTests.AddShouldReturnCorrectValue(Int32 number1, Int32 number2, Int32 expectedValue)&#xD;
[xUnit.net 00:00:00.27]       Shouldly.ShouldAssertException : expectedValue&#xD;
[xUnit.net 00:00:00.27]           should be&#xD;
[xUnit.net 00:00:00.27]       54&#xD;
[xUnit.net 00:00:00.27]           but was&#xD;
[xUnit.net 00:00:00.27]       1&#xD;
[xUnit.net 00:00:00.27]       Stack Trace:&#xD;
[xUnit.net 00:00:00.27]         C:\code\widget\MathTests.cs(72,0): at Widget.Tests.MathTests.AddShouldReturnCorrectValue(Int32 number1, Int32 number2, Int32 expectedValue)&#xD;
[xUnit.net 00:00:00.28]       Shouldly.ShouldAssertException : expectedValue&#xD;
[xUnit.net 00:00:00.28]           should be&#xD;
[xUnit.net 00:00:00.28]       31&#xD;
[xUnit.net 00:00:00.28]           but was&#xD;
[xUnit.net 00:00:00.28]       1&#xD;
[xUnit.net 00:00:00.28]       Stack Trace:&#xD;
[xUnit.net 00:00:00.28]         C:\code\widget\MathTests.cs(72,0): at Widget.Tests.MathTests.AddShouldReturnCorrectValue(Int32 number1, Int32 number2, Int32 expectedValue)&#xD;
[xUnit.net 00:00:00.28]       Shouldly.ShouldAssertException : expectedValue&#xD;
[xUnit.net 00:00:00.28]           should be&#xD;
[xUnit.net 00:00:00.28]       2&#xD;
[xUnit.net 00:00:00.28]           but was&#xD;
[xUnit.net 00:00:00.28]       1&#xD;
[xUnit.net 00:00:00.28]       Stack Trace:&#xD;
[xUnit.net 00:00:00.28]         C:\code\widget\MathTests.cs(72,0): at Widget.Tests.MathTests.AddShouldReturnCorrectValue(Int32 number1, Int32 number2, Int32 expectedValue)&#xD;
[xUnit.net 00:00:00.28]       Shouldly.ShouldAssertException : expectedValue&#xD;
[xUnit.net 00:00:00.28]           should be&#xD;
[xUnit.net 00:00:00.28]       32&#xD;
[xUnit.net 00:00:00.28]           but was&#xD;
[xUnit.net 00:00:00.28]       1&#xD;
[xUnit.net 00:00:00.28]       Stack Trace:&#xD;
[xUnit.net 00:00:00.28]         C:\code\widget\MathTests.cs(72,0): at Widget.Tests.MathTests.AddShouldReturnCorrectValue(Int32 number1, Int32 number2, Int32 expectedValue)&#xD;
[xUnit.net 00:00:00.28]       Shouldly.ShouldAssertException : expectedValue&#xD;
[xUnit.net 00:00:00.28]           should be&#xD;
[xUnit.net 00:00:00.28]       3&#xD;
[xUnit.net 00:00:00.28]           but was&#xD;
[xUnit.net 00:00:00.28]       1&#xD;
[xUnit.net 00:00:00.28]       Stack Trace:&#xD;
[xUnit.net 00:00:00.28]         C:\code\widget\MathTests.cs(72,0): at Widget.Tests.MathTests.AddShouldReturnCorrectValue(Int32 number1, Int32 number2, Int32 expectedValue)&#xD;
[xUnit.net 00:00:00.28]       Shouldly.ShouldAssertException : expectedValue&#xD;
[xUnit.net 00:00:00.28]           should be&#xD;
[xUnit.net 00:00:00.28]       38&#xD;
[xUnit.net 00:00:00.28]           but was&#xD;
[xUnit.net 00:00:00.28]       1&#xD;
[xUnit.net 00:00:00.28]       Stack Trace:&#xD;
[xUnit.net 00:00:00.28]         C:\code\widget\MathTests.cs(72,0): at Widget.Tests.MathTests.AddShouldReturnCorrectValue(Int32 number1, Int32 number2, Int32 expectedValue)&#xD;
[xUnit.net 00:00:00.28]   Finished:    Widget.Tests&#xD;
</StdOut>
    </Output>
    <RunInfos>
      <RunInfo computerName="MY-MACHINE" outcome="Error" timestamp="2024-02-21T16:08:41.6222911-07:00">
        <Text>[xUnit.net 00:00:00.22]     Widget.Tests.MathTests.AddShouldReturnCorrectValue(number1: 1, number2: 55, expectedValue: 1) [FAIL]</Text>
      </RunInfo>
      <RunInfo computerName="MY-MACHINE" outcome="Error" timestamp="2024-02-21T16:08:41.6436497-07:00">
        <Text>[xUnit.net 00:00:00.24]     Widget.Tests.MathTests.AddShouldReturnCorrectValue(number1: 1, number2: 36, expectedValue: 1) [FAIL]</Text>
      </RunInfo>
      <RunInfo computerName="MY-MACHINE" outcome="Error" timestamp="2024-02-21T16:08:41.6447827-07:00">
        <Text>[xUnit.net 00:00:00.24]     Widget.Tests.MathTests.AddShouldReturnCorrectValue(number1: 1, number2: 8, expectedValue: 1) [FAIL]</Text>
      </RunInfo>
      <RunInfo computerName="MY-MACHINE" outcome="Error" timestamp="2024-02-21T16:08:41.6454662-07:00">
        <Text>[xUnit.net 00:00:00.24]     Widget.Tests.MathTests.AddShouldReturnCorrectValue(number1: 1, number2: 54, expectedValue: 1) [FAIL]</Text>
      </RunInfo>
      <RunInfo computerName="MY-MACHINE" outcome="Error" timestamp="2024-02-21T16:08:41.6462445-07:00">
        <Text>[xUnit.net 00:00:00.24]     Widget.Tests.MathTests.AddShouldReturnCorrectValue(number1: 1, number2: 23, expectedValue: 1) [FAIL]</Text>
      </RunInfo>
      <RunInfo computerName="MY-MACHINE" outcome="Error" timestamp="2024-02-21T16:08:41.6466735-07:00">
        <Text>[xUnit.net 00:00:00.24]     Widget.Tests.MathTests.AddShouldReturnCorrectValue(number1: 1, number2: 50, expectedValue: 1) [FAIL]</Text>
      </RunInfo>
      <RunInfo computerName="MY-MACHINE" outcome="Error" timestamp="2024-02-21T16:08:41.6470335-07:00">
        <Text>[xUnit.net 00:00:00.24]     Widget.Tests.MathTests.AddShouldReturnCorrectValue(number1: 1, number2: 17, expectedValue: 1) [FAIL]</Text>
      </RunInfo>
      <RunInfo computerName="MY-MACHINE" outcome="Error" timestamp="2024-02-21T16:08:41.6474671-07:00">
        <Text>[xUnit.net 00:00:00.24]     Widget.Tests.MathTests.AddShouldReturnCorrectValue(number1: 1, number2: 28, expectedValue: 1) [FAIL]</Text>
      </RunInfo>
      <RunInfo computerName="MY-MACHINE" outcome="Error" timestamp="2024-02-21T16:08:41.6477741-07:00">
        <Text>[xUnit.net 00:00:00.24]     Widget.Tests.MathTests.AddShouldReturnCorrectValue(number1: 1, number2: 40, expectedValue: 1) [FAIL]</Text>
      </RunInfo>
      <RunInfo computerName="MY-MACHINE" outcome="Error" timestamp="2024-02-21T16:08:41.7114037-07:00">
        <Text>[xUnit.net 00:00:00.26]     Widget.Tests.MathTests.AddShouldReturnCorrectValue(number1: 1, number2: 41, expectedValue: 1) [FAIL]</Text>
      </RunInfo>
      <RunInfo computerName="MY-MACHINE" outcome="Error" timestamp="2024-02-21T16:08:41.7116784-07:00">
        <Text>[xUnit.net 00:00:00.26]     Widget.Tests.MathTests.AddShouldReturnCorrectValue(number1: 1, number2: 34, expectedValue: 1) [FAIL]</Text>
      </RunInfo>
      <RunInfo computerName="MY-MACHINE" outcome="Error" timestamp="2024-02-21T16:08:41.7119333-07:00">
        <Text>[xUnit.net 00:00:00.26]     Widget.Tests.MathTests.AddShouldReturnCorrectValue(number1: 1, number2: 5, expectedValue: 1) [FAIL]</Text>
      </RunInfo>
      <RunInfo computerName="MY-MACHINE" outcome="Error" timestamp="2024-02-21T16:08:41.7121549-07:00">
        <Text>[xUnit.net 00:00:00.26]     Widget.Tests.MathTests.AddShouldReturnCorrectValue(number1: 1, number2: 14, expectedValue: 1) [FAIL]</Text>
      </RunInfo>
      <RunInfo computerName="MY-MACHINE" outcome="Error" timestamp="2024-02-21T16:08:41.7124321-07:00">
        <Text>[xUnit.net 00:00:00.26]     Widget.Tests.MathTests.AddShouldReturnCorrectValue(number1: 1, number2: 39, expectedValue: 1) [FAIL]</Text>
      </RunInfo>
      <RunInfo computerName="MY-MACHINE" outcome="Error" timestamp="2024-02-21T16:08:41.7126884-07:00">
        <Text>[xUnit.net 00:00:00.26]     Widget.Tests.MathTests.AddShouldReturnCorrectValue(number1: 1, number2: 13, expectedValue: 1) [FAIL]</Text>
      </RunInfo>
      <RunInfo computerName="MY-MACHINE" outcome="Error" timestamp="2024-02-21T16:08:41.7129037-07:00">
        <Text>[xUnit.net 00:00:00.26]     Widget.Tests.MathTests.AddShouldReturnCorrectValue(number1: 1, number2: 38, expectedValue: 1) [FAIL]</Text>
      </RunInfo>
      <RunInfo computerName="MY-MACHINE" outcome="Error" timestamp="2024-02-21T16:08:41.7131796-07:00">
        <Text>[xUnit.net 00:00:00.26]     Widget.Tests.MathTests.AddShouldReturnCorrectValue(number1: 1, number2: 42, expectedValue: 1) [FAIL]</Text>
      </RunInfo>
      <RunInfo computerName="MY-MACHINE" outcome="Error" timestamp="2024-02-21T16:08:41.7134881-07:00">
        <Text>[xUnit.net 00:00:00.27]     Widget.Tests.MathTests.AddShouldReturnCorrectValue(number1: 1, number2: 24, expectedValue: 1) [FAIL]</Text>
      </RunInfo>
      <RunInfo computerName="MY-MACHINE" outcome="Error" timestamp="2024-02-21T16:08:41.7243279-07:00">
        <Text>[xUnit.net 00:00:00.27]     Widget.Tests.MathTests.AddShouldReturnCorrectValue(number1: 1, number2: 26, expectedValue: 1) [FAIL]</Text>
      </RunInfo>
      <RunInfo computerName="MY-MACHINE" outcome="Error" timestamp="2024-02-21T16:08:41.7245780-07:00">
        <Text>[xUnit.net 00:00:00.27]     Widget.Tests.MathTests.AddShouldReturnCorrectValue(number1: 1, number2: 27, expectedValue: 1) [FAIL]</Text>
      </RunInfo>
      <RunInfo computerName="MY-MACHINE" outcome="Error" timestamp="2024-02-21T16:08:41.7248305-07:00">
        <Text>[xUnit.net 00:00:00.27]     Widget.Tests.MathTests.AddShouldReturnCorrectValue(number1: 1, number2: 20, expectedValue: 1) [FAIL]</Text>
      </RunInfo>
      <RunInfo computerName="MY-MACHINE" outcome="Error" timestamp="2024-02-21T16:08:41.7250499-07:00">
        <Text>[xUnit.net 00:00:00.27]     Widget.Tests.MathTests.AddShouldReturnCorrectValue(number1: 1, number2: 60, expectedValue: 1) [FAIL]</Text>
      </RunInfo>
      <RunInfo computerName="MY-MACHINE" outcome="Error" timestamp="2024-02-21T16:08:41.7252757-07:00">
        <Text>[xUnit.net 00:00:00.27]     Widget.Tests.MathTests.AddShouldReturnCorrectValue(number1: 1, number2: 56, expectedValue: 1) [FAIL]</Text>
      </RunInfo>
      <RunInfo computerName="MY-MACHINE" outcome="Error" timestamp="2024-02-21T16:08:41.7254444-07:00">
        <Text>[xUnit.net 00:00:00.27]     Widget.Tests.MathTests.AddShouldReturnCorrectValue(number1: 1, number2: 22, expectedValue: 1) [FAIL]</Text>
      </RunInfo>
      <RunInfo computerName="MY-MACHINE" outcome="Error" timestamp="2024-02-21T16:08:41.7256555-07:00">
        <Text>[xUnit.net 00:00:00.27]     Widget.Tests.MathTests.AddShouldReturnCorrectValue(number1: 1, number2: 10, expectedValue: 1) [FAIL]</Text>
      </RunInfo>
      <RunInfo computerName="MY-MACHINE" outcome="Error" timestamp="2024-02-21T16:08:41.7258392-07:00">
        <Text>[xUnit.net 00:00:00.27]     Widget.Tests.MathTests.AddShouldReturnCorrectValue(number1: 1, number2: 19, expectedValue: 1) [FAIL]</Text>
      </RunInfo>
      <RunInfo computerName="MY-MACHINE" outcome="Error" timestamp="2024-02-21T16:08:41.7260029-07:00">
        <Text>[xUnit.net 00:00:00.27]     Widget.Tests.MathTests.AddShouldReturnCorrectValue(number1: 1, number2: 32, expectedValue: 1) [FAIL]</Text>
      </RunInfo>
      <RunInfo computerName="MY-MACHINE" outcome="Error" timestamp="2024-02-21T16:08:41.7349906-07:00">
        <Text>[xUnit.net 00:00:00.27]     Widget.Tests.MathTests.AddShouldReturnCorrectValue(number1: 1, number2: 11, expectedValue: 1) [FAIL]</Text>
      </RunInfo>
      <RunInfo computerName="MY-MACHINE" outcome="Error" timestamp="2024-02-21T16:08:41.7351792-07:00">
        <Text>[xUnit.net 00:00:00.27]     Widget.Tests.MathTests.AddShouldReturnCorrectValue(number1: 1, number2: 49, expectedValue: 1) [FAIL]</Text>
      </RunInfo>
      <RunInfo computerName="MY-MACHINE" outcome="Error" timestamp="2024-02-21T16:08:41.7354744-07:00">
        <Text>[xUnit.net 00:00:00.27]     Widget.Tests.MathTests.AddShouldReturnCorrectValue(number1: 1, number2: 46, expectedValue: 1) [FAIL]</Text>
      </RunInfo>
      <RunInfo computerName="MY-MACHINE" outcome="Error" timestamp="2024-02-21T16:08:41.7356408-07:00">
        <Text>[xUnit.net 00:00:00.27]     Widget.Tests.MathTests.AddShouldReturnCorrectValue(number1: 1, number2: 6, expectedValue: 1) [FAIL]</Text>
      </RunInfo>
      <RunInfo computerName="MY-MACHINE" outcome="Error" timestamp="2024-02-21T16:08:41.7358431-07:00">
        <Text>[xUnit.net 00:00:00.27]     Widget.Tests.MathTests.AddShouldReturnCorrectValue(number1: 1, number2: 25, expectedValue: 1) [FAIL]</Text>
      </RunInfo>
      <RunInfo computerName="MY-MACHINE" outcome="Error" timestamp="2024-02-21T16:08:41.7360218-07:00">
        <Text>[xUnit.net 00:00:00.27]     Widget.Tests.MathTests.AddShouldReturnCorrectValue(number1: 1, number2: 35, expectedValue: 1) [FAIL]</Text>
      </RunInfo>
      <RunInfo computerName="MY-MACHINE" outcome="Error" timestamp="2024-02-21T16:08:41.7362593-07:00">
        <Text>[xUnit.net 00:00:00.27]     Widget.Tests.MathTests.AddShouldReturnCorrectValue(number1: 1, number2: 33, expectedValue: 1) [FAIL]</Text>
      </RunInfo>
      <RunInfo computerName="MY-MACHINE" outcome="Error" timestamp="2024-02-21T16:08:41.7364237-07:00">
        <Text>[xUnit.net 00:00:00.27]     Widget.Tests.MathTests.AddShouldReturnCorrectValue(number1: 1, number2: 48, expectedValue: 1) [FAIL]</Text>
      </RunInfo>
      <RunInfo computerName="MY-MACHINE" outcome="Error" timestamp="2024-02-21T16:08:41.7366507-07:00">
        <Text>[xUnit.net 00:00:00.27]     Widget.Tests.MathTests.AddShouldReturnCorrectValue(number1: 1, number2: 16, expectedValue: 1) [FAIL]</Text>
      </RunInfo>
      <RunInfo computerName="MY-MACHINE" outcome="Error" timestamp="2024-02-21T16:08:41.7456499-07:00">
        <Text>[xUnit.net 00:00:00.27]     Widget.Tests.MathTests.AddShouldReturnCorrectValue(number1: 1, number2: 21, expectedValue: 1) [FAIL]</Text>
      </RunInfo>
      <RunInfo computerName="MY-MACHINE" outcome="Error" timestamp="2024-02-21T16:08:41.7459418-07:00">
        <Text>[xUnit.net 00:00:00.27]     Widget.Tests.MathTests.AddShouldReturnCorrectValue(number1: 1, number2: 9, expectedValue: 1) [FAIL]</Text>
      </RunInfo>
      <RunInfo computerName="MY-MACHINE" outcome="Error" timestamp="2024-02-21T16:08:41.7461661-07:00">
        <Text>[xUnit.net 00:00:00.27]     Widget.Tests.MathTests.AddShouldReturnCorrectValue(number1: 1, number2: 29, expectedValue: 1) [FAIL]</Text>
      </RunInfo>
      <RunInfo computerName="MY-MACHINE" outcome="Error" timestamp="2024-02-21T16:08:41.7464529-07:00">
        <Text>[xUnit.net 00:00:00.27]     Widget.Tests.MathTests.AddShouldReturnCorrectValue(number1: 1, number2: 57, expectedValue: 1) [FAIL]</Text>
      </RunInfo>
      <RunInfo computerName="MY-MACHINE" outcome="Error" timestamp="2024-02-21T16:08:41.7466685-07:00">
        <Text>[xUnit.net 00:00:00.27]     Widget.Tests.MathTests.AddShouldReturnCorrectValue(number1: 1, number2: 45, expectedValue: 1) [FAIL]</Text>
      </RunInfo>
      <RunInfo computerName="MY-MACHINE" outcome="Error" timestamp="2024-02-21T16:08:41.7468322-07:00">
        <Text>[xUnit.net 00:00:00.27]     Widget.Tests.MathTests.AddShouldReturnCorrectValue(number1: 1, number2: 15, expectedValue: 1) [FAIL]</Text>
      </RunInfo>
      <RunInfo computerName="MY-MACHINE" outcome="Error" timestamp="2024-02-21T16:08:41.7470242-07:00">
        <Text>[xUnit.net 00:00:00.27]     Widget.Tests.MathTests.AddShouldReturnCorrectValue(number1: 1, number2: 44, expectedValue: 1) [FAIL]</Text>
      </RunInfo>
      <RunInfo computerName="MY-MACHINE" outcome="Error" timestamp="2024-02-21T16:08:41.7471974-07:00">
        <Text>[xUnit.net 00:00:00.27]     Widget.Tests.MathTests.AddShouldReturnCorrectValue(number1: 1, number2: 43, expectedValue: 1) [FAIL]</Text>
      </RunInfo>
      <RunInfo computerName="MY-MACHINE" outcome="Error" timestamp="2024-02-21T16:08:41.7473633-07:00">
        <Text>[xUnit.net 00:00:00.27]     Widget.Tests.MathTests.AddShouldReturnCorrectValue(number1: 1, number2: 52, expectedValue: 1) [FAIL]</Text>
      </RunInfo>
      <RunInfo computerName="MY-MACHINE" outcome="Error" timestamp="2024-02-21T16:08:41.7561444-07:00">
        <Text>[xUnit.net 00:00:00.27]     Widget.Tests.MathTests.AddShouldReturnCorrectValue(number1: 1, number2: 51, expectedValue: 1) [FAIL]</Text>
      </RunInfo>
      <RunInfo computerName="MY-MACHINE" outcome="Error" timestamp="2024-02-21T16:08:41.7563079-07:00">
        <Text>[xUnit.net 00:00:00.27]     Widget.Tests.MathTests.AddShouldReturnCorrectValue(number1: 1, number2: 4, expectedValue: 1) [FAIL]</Text>
      </RunInfo>
      <RunInfo computerName="MY-MACHINE" outcome="Error" timestamp="2024-02-21T16:08:41.7564523-07:00">
        <Text>[xUnit.net 00:00:00.27]     Widget.Tests.MathTests.AddShouldReturnCorrectValue(number1: 1, number2: 7, expectedValue: 1) [FAIL]</Text>
      </RunInfo>
      <RunInfo computerName="MY-MACHINE" outcome="Error" timestamp="2024-02-21T16:08:41.7566242-07:00">
        <Text>[xUnit.net 00:00:00.27]     Widget.Tests.MathTests.AddShouldReturnCorrectValue(number1: 1, number2: 3, expectedValue: 1) [FAIL]</Text>
      </RunInfo>
      <RunInfo computerName="MY-MACHINE" outcome="Error" timestamp="2024-02-21T16:08:41.7567874-07:00">
        <Text>[xUnit.net 00:00:00.27]     Widget.Tests.MathTests.AddShouldReturnCorrectValue(number1: 1, number2: 18, expectedValue: 1) [FAIL]</Text>
      </RunInfo>
      <RunInfo computerName="MY-MACHINE" outcome="Error" timestamp="2024-02-21T16:08:41.7569795-07:00">
        <Text>[xUnit.net 00:00:00.27]     Widget.Tests.MathTests.AddShouldReturnCorrectValue(number1: 1, number2: 12, expectedValue: 1) [FAIL]</Text>
      </RunInfo>
      <RunInfo computerName="MY-MACHINE" outcome="Error" timestamp="2024-02-21T16:08:41.7571469-07:00">
        <Text>[xUnit.net 00:00:00.27]     Widget.Tests.MathTests.AddShouldReturnCorrectValue(number1: 1, number2: 59, expectedValue: 1) [FAIL]</Text>
      </RunInfo>
      <RunInfo computerName="MY-MACHINE" outcome="Error" timestamp="2024-02-21T16:08:41.7573230-07:00">
        <Text>[xUnit.net 00:00:00.27]     Widget.Tests.MathTests.AddShouldReturnCorrectValue(number1: 1, number2: 47, expectedValue: 1) [FAIL]</Text>
      </RunInfo>
      <RunInfo computerName="MY-MACHINE" outcome="Error" timestamp="2024-02-21T16:08:41.7574855-07:00">
        <Text>[xUnit.net 00:00:00.27]     Widget.Tests.MathTests.AddShouldReturnCorrectValue(number1: 1, number2: 58, expectedValue: 1) [FAIL]</Text>
      </RunInfo>
      <RunInfo computerName="MY-MACHINE" outcome="Error" timestamp="2024-02-21T16:08:41.7653470-07:00">
        <Text>[xUnit.net 00:00:00.27]     Widget.Tests.MathTests.AddShouldReturnCorrectValue(number1: 1, number2: 53, expectedValue: 1) [FAIL]</Text>
      </RunInfo>
      <RunInfo computerName="MY-MACHINE" outcome="Error" timestamp="2024-02-21T16:08:41.7655513-07:00">
        <Text>[xUnit.net 00:00:00.27]     Widget.Tests.MathTests.AddShouldReturnCorrectValue(number1: 1, number2: 30, expectedValue: 1) [FAIL]</Text>
      </RunInfo>
      <RunInfo computerName="MY-MACHINE" outcome="Error" timestamp="2024-02-21T16:08:41.7657194-07:00">
        <Text>[xUnit.net 00:00:00.28]     Widget.Tests.MathTests.AddShouldReturnCorrectValue(number1: 1, number2: 1, expectedValue: 1) [FAIL]</Text>
      </RunInfo>
      <RunInfo computerName="MY-MACHINE" outcome="Error" timestamp="2024-02-21T16:08:41.7658884-07:00">
        <Text>[xUnit.net 00:00:00.28]     Widget.Tests.MathTests.AddShouldReturnCorrectValue(number1: 1, number2: 31, expectedValue: 1) [FAIL]</Text>
      </RunInfo>
      <RunInfo computerName="MY-MACHINE" outcome="Error" timestamp="2024-02-21T16:08:41.7660504-07:00">
        <Text>[xUnit.net 00:00:00.28]     Widget.Tests.MathTests.AddShouldReturnCorrectValue(number1: 1, number2: 2, expectedValue: 1) [FAIL]</Text>
      </RunInfo>
      <RunInfo computerName="MY-MACHINE" outcome="Error" timestamp="2024-02-21T16:08:41.7662021-07:00">
        <Text>[xUnit.net 00:00:00.28]     Widget.Tests.MathTests.AddShouldReturnCorrectValue(number1: 1, number2: 37, expectedValue: 1) [FAIL]</Text>
      </RunInfo>
    </RunInfos>
  </ResultSummary>
</TestRun>